[M::mm_idx_gen::0.054*0.95] collected minimizers
[M::mm_idx_gen::0.064*1.26] sorted minimizers
[M::main::0.065*1.25] loaded/built the index for 1712 target sequence(s)
[M::mm_mapopt_update::0.065*1.25] mid_occ = 1000
[M::mm_idx_stat] kmer size: 21; skip: 11; is_hpc: 0; #seq: 1712
[M::mm_idx_stat::0.066*1.25] distinct minimizers: 6414 (47.68% are singletons); average occurrences: 27.933; average spacing: 6.281
[M::worker_pipeline::6.044*1.41] mapped 399116 sequences
[M::worker_pipeline::10.530*1.09] mapped 399046 sequences
[M::worker_pipeline::14.803*0.98] mapped 399044 sequences
[M::worker_pipeline::19.327*0.92] mapped 399234 sequences
[M::worker_pipeline::23.663*0.87] mapped 398986 sequences
[M::worker_pipeline::28.133*0.84] mapped 399124 sequences
[M::worker_pipeline::32.408*0.82] mapped 399020 sequences
[M::worker_pipeline::36.895*0.80] mapped 399014 sequences
[M::worker_pipeline::41.419*0.78] mapped 399108 sequences
[M::worker_pipeline::45.804*0.77] mapped 399010 sequences
[M::worker_pipeline::50.484*0.76] mapped 399176 sequences
[M::worker_pipeline::54.846*0.76] mapped 399036 sequences
[M::worker_pipeline::59.327*0.75] mapped 399062 sequences
[M::worker_pipeline::63.718*0.74] mapped 399048 sequences
[M::worker_pipeline::67.989*0.74] mapped 399056 sequences
[M::worker_pipeline::72.468*0.74] mapped 399264 sequences
[M::worker_pipeline::76.894*0.74] mapped 399184 sequences
[M::worker_pipeline::81.251*0.73] mapped 399126 sequences
[M::worker_pipeline::85.771*0.73] mapped 399202 sequences
[M::worker_pipeline::90.095*0.73] mapped 399056 sequences
[M::worker_pipeline::94.735*0.72] mapped 399180 sequences
[M::worker_pipeline::99.036*0.72] mapped 399030 sequences
[M::worker_pipeline::103.661*0.72] mapped 399190 sequences
[M::worker_pipeline::108.120*0.72] mapped 399140 sequences
[M::worker_pipeline::112.456*0.72] mapped 399082 sequences
[M::worker_pipeline::116.938*0.71] mapped 399158 sequences
[M::worker_pipeline::121.594*0.71] mapped 399164 sequences
[M::worker_pipeline::125.911*0.71] mapped 398980 sequences
[M::worker_pipeline::130.526*0.71] mapped 399370 sequences
[M::worker_pipeline::134.926*0.71] mapped 399148 sequences
[M::worker_pipeline::139.433*0.71] mapped 399194 sequences
[M::worker_pipeline::143.962*0.70] mapped 399154 sequences
[M::worker_pipeline::148.405*0.70] mapped 399092 sequences
[M::worker_pipeline::153.032*0.70] mapped 399174 sequences
[M::worker_pipeline::157.359*0.70] mapped 399022 sequences
[M::worker_pipeline::162.224*0.70] mapped 399286 sequences
[M::worker_pipeline::166.773*0.70] mapped 399180 sequences
[M::worker_pipeline::171.361*0.70] mapped 399150 sequences
[M::worker_pipeline::176.013*0.70] mapped 399166 sequences
[M::worker_pipeline::180.403*0.70] mapped 399046 sequences
[M::worker_pipeline::184.708*0.70] mapped 399024 sequences
[M::worker_pipeline::189.336*0.69] mapped 399190 sequences
[M::worker_pipeline::193.298*0.70] mapped 398904 sequences
[M::worker_pipeline::196.981*0.70] mapped 398792 sequences
[M::worker_pipeline::200.874*0.70] mapped 398876 sequences
[M::worker_pipeline::204.795*0.70] mapped 398880 sequences
[M::worker_pipeline::208.513*0.70] mapped 398806 sequences
[M::worker_pipeline::212.272*0.70] mapped 398800 sequences
[M::worker_pipeline::216.128*0.70] mapped 398788 sequences
[M::worker_pipeline::219.920*0.71] mapped 398818 sequences
[M::worker_pipeline::223.529*0.71] mapped 398754 sequences
[M::worker_pipeline::227.436*0.71] mapped 398906 sequences
[M::worker_pipeline::231.157*0.71] mapped 398846 sequences
[M::worker_pipeline::234.869*0.71] mapped 398842 sequences
[M::worker_pipeline::238.645*0.71] mapped 398802 sequences
[M::worker_pipeline::242.561*0.71] mapped 398880 sequences
[M::worker_pipeline::246.362*0.71] mapped 398844 sequences
[M::worker_pipeline::250.194*0.72] mapped 398906 sequences
[M::worker_pipeline::254.023*0.72] mapped 398858 sequences
[M::worker_pipeline::257.725*0.72] mapped 398866 sequences
[M::worker_pipeline::261.393*0.72] mapped 398832 sequences
[M::worker_pipeline::265.319*0.72] mapped 398848 sequences
[M::worker_pipeline::269.126*0.72] mapped 398848 sequences
[M::worker_pipeline::272.879*0.72] mapped 398798 sequences
[M::worker_pipeline::276.629*0.72] mapped 398864 sequences
[M::worker_pipeline::280.328*0.71] mapped 398796 sequences
[M::worker_pipeline::282.506*0.70] mapped 232438 sequences
[M::main] Version: 2.8-r711-dirty
[M::main] CMD: minimap2 -ax sr /gpfs/home/b042/greenland_2017/reference_seqs/Pardosa_spp_derep.fas Sample_PRO1747_PlateH_E11_R1_val_1.fq.gz Sample_PRO1747_PlateH_E11_R2_val_2.fq.gz
[M::main] Real time: 282.512 sec; CPU: 199.059 sec
[M::mm_idx_gen::0.051*1.03] collected minimizers
[M::mm_idx_gen::0.066*1.43] sorted minimizers
[M::main::0.067*1.41] loaded/built the index for 1712 target sequence(s)
[M::mm_mapopt_update::0.067*1.41] mid_occ = 1000
[M::mm_idx_stat] kmer size: 21; skip: 11; is_hpc: 0; #seq: 1712
[M::mm_idx_stat::0.068*1.40] distinct minimizers: 6414 (47.68% are singletons); average occurrences: 27.933; average spacing: 6.281
[M::worker_pipeline::6.488*1.30] mapped 399566 sequences
[M::worker_pipeline::11.368*1.00] mapped 399512 sequences
[M::worker_pipeline::16.386*0.88] mapped 399688 sequences
[M::worker_pipeline::21.163*0.83] mapped 399524 sequences
[M::worker_pipeline::26.234*0.78] mapped 399580 sequences
[M::worker_pipeline::30.956*0.75] mapped 399478 sequences
[M::worker_pipeline::35.983*0.73] mapped 399602 sequences
[M::worker_pipeline::40.967*0.71] mapped 399484 sequences
[M::worker_pipeline::46.115*0.70] mapped 399634 sequences
[M::worker_pipeline::51.050*0.69] mapped 399524 sequences
[M::worker_pipeline::56.139*0.68] mapped 399540 sequences
[M::worker_pipeline::61.027*0.67] mapped 399446 sequences
[M::worker_pipeline::65.975*0.67] mapped 399568 sequences
[M::worker_pipeline::71.158*0.66] mapped 399864 sequences
[M::worker_pipeline::76.152*0.66] mapped 399620 sequences
[M::worker_pipeline::81.270*0.65] mapped 399666 sequences
[M::worker_pipeline::86.065*0.65] mapped 399562 sequences
[M::worker_pipeline::90.951*0.65] mapped 399556 sequences
[M::worker_pipeline::95.964*0.64] mapped 399552 sequences
[M::worker_pipeline::101.167*0.64] mapped 399794 sequences
[M::worker_pipeline::106.142*0.64] mapped 399590 sequences
[M::worker_pipeline::111.172*0.64] mapped 399664 sequences
[M::worker_pipeline::116.171*0.63] mapped 399558 sequences
[M::worker_pipeline::121.358*0.63] mapped 399762 sequences
[M::worker_pipeline::126.341*0.63] mapped 399704 sequences
[M::worker_pipeline::131.371*0.63] mapped 399686 sequences
[M::worker_pipeline::136.213*0.63] mapped 399610 sequences
[M::worker_pipeline::141.218*0.63] mapped 399620 sequences
[M::worker_pipeline::146.184*0.63] mapped 399610 sequences
[M::worker_pipeline::151.449*0.62] mapped 399750 sequences
[M::worker_pipeline::156.562*0.62] mapped 399698 sequences
[M::worker_pipeline::161.765*0.62] mapped 399672 sequences
[M::worker_pipeline::166.638*0.62] mapped 399586 sequences
[M::worker_pipeline::171.538*0.62] mapped 399510 sequences
[M::worker_pipeline::176.685*0.62] mapped 399626 sequences
[M::worker_pipeline::181.059*0.62] mapped 399376 sequences
[M::worker_pipeline::185.318*0.62] mapped 399362 sequences
[M::worker_pipeline::189.512*0.62] mapped 399330 sequences
[M::worker_pipeline::193.766*0.63] mapped 399322 sequences
[M::worker_pipeline::197.902*0.63] mapped 399308 sequences
[M::worker_pipeline::202.265*0.63] mapped 399334 sequences
[M::worker_pipeline::206.540*0.63] mapped 399322 sequences
[M::worker_pipeline::210.557*0.63] mapped 399156 sequences
[M::worker_pipeline::214.744*0.63] mapped 399386 sequences
[M::worker_pipeline::218.870*0.63] mapped 399336 sequences
[M::worker_pipeline::223.108*0.64] mapped 399322 sequences
[M::worker_pipeline::227.212*0.64] mapped 399310 sequences
[M::worker_pipeline::231.338*0.64] mapped 399284 sequences
[M::worker_pipeline::235.714*0.64] mapped 399410 sequences
[M::worker_pipeline::239.794*0.64] mapped 399322 sequences
[M::worker_pipeline::243.907*0.64] mapped 399366 sequences
[M::worker_pipeline::248.068*0.64] mapped 399300 sequences
[M::worker_pipeline::252.229*0.64] mapped 399316 sequences
[M::worker_pipeline::256.607*0.64] mapped 399364 sequences
[M::worker_pipeline::260.797*0.64] mapped 399382 sequences
[M::worker_pipeline::264.668*0.64] mapped 399232 sequences
[M::worker_pipeline::268.451*0.63] mapped 354540 sequences
[M::main] Version: 2.8-r711-dirty
[M::main] CMD: minimap2 -ax sr /gpfs/home/b042/greenland_2017/reference_seqs/Pardosa_spp_derep.fas Sample_PRO1747_PlateH_E3_R1_val_1.fq.gz Sample_PRO1747_PlateH_E3_R2_val_2.fq.gz
[M::main] Real time: 268.457 sec; CPU: 168.878 sec
[M::mm_idx_gen::0.058*1.01] collected minimizers
[M::mm_idx_gen::0.071*1.34] sorted minimizers
[M::main::0.072*1.33] loaded/built the index for 1712 target sequence(s)
[M::mm_mapopt_update::0.072*1.33] mid_occ = 1000
[M::mm_idx_stat] kmer size: 21; skip: 11; is_hpc: 0; #seq: 1712
[M::mm_idx_stat::0.073*1.33] distinct minimizers: 6414 (47.68% are singletons); average occurrences: 27.933; average spacing: 6.281
[M::worker_pipeline::6.058*1.40] mapped 399232 sequences
[M::worker_pipeline::10.341*1.09] mapped 399248 sequences
[M::worker_pipeline::14.822*0.96] mapped 399264 sequences
[M::worker_pipeline::19.438*0.88] mapped 399298 sequences
[M::worker_pipeline::23.746*0.85] mapped 399196 sequences
[M::worker_pipeline::28.325*0.81] mapped 399260 sequences
[M::worker_pipeline::32.768*0.79] mapped 399190 sequences
[M::worker_pipeline::37.318*0.77] mapped 399216 sequences
[M::worker_pipeline::41.782*0.76] mapped 399184 sequences
[M::worker_pipeline::46.314*0.74] mapped 399274 sequences
[M::worker_pipeline::50.676*0.74] mapped 399172 sequences
[M::worker_pipeline::55.190*0.73] mapped 399200 sequences
[M::worker_pipeline::59.524*0.73] mapped 399178 sequences
[M::worker_pipeline::64.009*0.72] mapped 399352 sequences
[M::worker_pipeline::68.587*0.72] mapped 399420 sequences
[M::worker_pipeline::73.006*0.72] mapped 399294 sequences
[M::worker_pipeline::77.438*0.71] mapped 399312 sequences
[M::worker_pipeline::81.850*0.71] mapped 399236 sequences
[M::worker_pipeline::86.306*0.71] mapped 399272 sequences
[M::worker_pipeline::90.720*0.71] mapped 399234 sequences
[M::worker_pipeline::95.399*0.70] mapped 399370 sequences
[M::worker_pipeline::99.902*0.70] mapped 399238 sequences
[M::worker_pipeline::104.512*0.70] mapped 399270 sequences
[M::worker_pipeline::109.106*0.70] mapped 399254 sequences
[M::worker_pipeline::113.579*0.69] mapped 399304 sequences
[M::worker_pipeline::118.186*0.69] mapped 399460 sequences
[M::worker_pipeline::122.601*0.69] mapped 399316 sequences
[M::worker_pipeline::127.130*0.69] mapped 399380 sequences
[M::worker_pipeline::131.546*0.69] mapped 399260 sequences
[M::worker_pipeline::136.132*0.69] mapped 399258 sequences
[M::worker_pipeline::140.557*0.69] mapped 399214 sequences
[M::worker_pipeline::145.243*0.69] mapped 399452 sequences
[M::worker_pipeline::149.859*0.69] mapped 399314 sequences
[M::worker_pipeline::154.387*0.68] mapped 399360 sequences
[M::worker_pipeline::158.667*0.69] mapped 399222 sequences
[M::worker_pipeline::163.127*0.68] mapped 399192 sequences
[M::worker_pipeline::167.577*0.68] mapped 399304 sequences
[M::worker_pipeline::171.385*0.69] mapped 399094 sequences
[M::worker_pipeline::175.196*0.69] mapped 399120 sequences
[M::worker_pipeline::179.095*0.69] mapped 399116 sequences
[M::worker_pipeline::182.927*0.69] mapped 399086 sequences
[M::worker_pipeline::186.718*0.69] mapped 399070 sequences
[M::worker_pipeline::190.576*0.69] mapped 399126 sequences
[M::worker_pipeline::194.384*0.69] mapped 399056 sequences
[M::worker_pipeline::198.117*0.70] mapped 399012 sequences
[M::worker_pipeline::202.081*0.70] mapped 399190 sequences
[M::worker_pipeline::205.927*0.70] mapped 399086 sequences
[M::worker_pipeline::209.656*0.70] mapped 399030 sequences
[M::worker_pipeline::213.578*0.70] mapped 399066 sequences
[M::worker_pipeline::217.411*0.70] mapped 399116 sequences
[M::worker_pipeline::221.191*0.70] mapped 399070 sequences
[M::worker_pipeline::225.040*0.70] mapped 399092 sequences
[M::worker_pipeline::228.917*0.71] mapped 399222 sequences
[M::worker_pipeline::232.819*0.71] mapped 399094 sequences
[M::worker_pipeline::236.585*0.71] mapped 399052 sequences
[M::worker_pipeline::240.426*0.71] mapped 399046 sequences
[M::worker_pipeline::244.372*0.71] mapped 399126 sequences
[M::worker_pipeline::248.297*0.71] mapped 399106 sequences
[M::worker_pipeline::251.961*0.70] mapped 398980 sequences
[M::worker_pipeline::254.686*0.69] mapped 286268 sequences
[M::main] Version: 2.8-r711-dirty
[M::main] CMD: minimap2 -ax sr /gpfs/home/b042/greenland_2017/reference_seqs/Pardosa_spp_derep.fas Sample_PRO1747_PlateH_E5_R1_val_1.fq.gz Sample_PRO1747_PlateH_E5_R2_val_2.fq.gz
[M::main] Real time: 254.692 sec; CPU: 176.304 sec
[M::mm_idx_gen::0.052*1.03] collected minimizers
[M::mm_idx_gen::0.066*1.42] sorted minimizers
[M::main::0.067*1.40] loaded/built the index for 1712 target sequence(s)
[M::mm_mapopt_update::0.067*1.40] mid_occ = 1000
[M::mm_idx_stat] kmer size: 21; skip: 11; is_hpc: 0; #seq: 1712
[M::mm_idx_stat::0.068*1.40] distinct minimizers: 6414 (47.68% are singletons); average occurrences: 27.933; average spacing: 6.281
[M::worker_pipeline::6.647*1.34] mapped 399196 sequences
[M::worker_pipeline::11.437*1.04] mapped 399140 sequences
[M::worker_pipeline::16.691*0.89] mapped 399358 sequences
[M::worker_pipeline::21.617*0.83] mapped 399124 sequences
[M::worker_pipeline::26.742*0.78] mapped 399268 sequences
[M::worker_pipeline::31.625*0.75] mapped 399100 sequences
[M::worker_pipeline::36.741*0.73] mapped 399228 sequences
[M::worker_pipeline::41.711*0.72] mapped 399168 sequences
[M::worker_pipeline::47.086*0.70] mapped 399266 sequences
[M::worker_pipeline::52.031*0.69] mapped 399170 sequences
[M::worker_pipeline::57.014*0.68] mapped 399142 sequences
[M::worker_pipeline::61.768*0.68] mapped 399190 sequences
[M::worker_pipeline::67.098*0.67] mapped 399492 sequences
[M::worker_pipeline::72.191*0.66] mapped 399246 sequences
[M::worker_pipeline::77.276*0.66] mapped 399244 sequences
[M::worker_pipeline::82.245*0.66] mapped 399228 sequences
[M::worker_pipeline::87.189*0.65] mapped 399186 sequences
[M::worker_pipeline::92.704*0.65] mapped 399418 sequences
[M::worker_pipeline::97.684*0.65] mapped 399234 sequences
[M::worker_pipeline::102.759*0.64] mapped 399282 sequences
[M::worker_pipeline::108.092*0.64] mapped 399260 sequences
[M::worker_pipeline::113.121*0.64] mapped 399296 sequences
[M::worker_pipeline::118.275*0.63] mapped 399412 sequences
[M::worker_pipeline::123.366*0.63] mapped 399318 sequences
[M::worker_pipeline::128.226*0.63] mapped 399234 sequences
[M::worker_pipeline::133.380*0.63] mapped 399292 sequences
[M::worker_pipeline::138.336*0.63] mapped 399172 sequences
[M::worker_pipeline::143.816*0.63] mapped 399478 sequences
[M::worker_pipeline::148.883*0.62] mapped 399264 sequences
[M::worker_pipeline::154.112*0.62] mapped 399308 sequences
[M::worker_pipeline::158.881*0.62] mapped 399164 sequences
[M::worker_pipeline::163.752*0.62] mapped 399170 sequences
[M::worker_pipeline::168.396*0.62] mapped 399166 sequences
[M::worker_pipeline::172.438*0.63] mapped 398920 sequences
[M::worker_pipeline::176.738*0.63] mapped 399132 sequences
[M::worker_pipeline::180.933*0.63] mapped 399008 sequences
[M::worker_pipeline::185.080*0.63] mapped 398974 sequences
[M::worker_pipeline::189.351*0.63] mapped 399014 sequences
[M::worker_pipeline::193.669*0.64] mapped 398974 sequences
[M::worker_pipeline::197.660*0.64] mapped 398870 sequences
[M::worker_pipeline::202.041*0.64] mapped 399118 sequences
[M::worker_pipeline::206.222*0.64] mapped 398984 sequences
[M::worker_pipeline::210.345*0.64] mapped 399016 sequences
[M::worker_pipeline::214.542*0.64] mapped 399026 sequences
[M::worker_pipeline::218.863*0.65] mapped 398984 sequences
[M::worker_pipeline::223.057*0.65] mapped 399032 sequences
[M::worker_pipeline::227.273*0.65] mapped 399046 sequences
[M::worker_pipeline::231.478*0.65] mapped 398980 sequences
[M::worker_pipeline::235.571*0.65] mapped 398940 sequences
[M::worker_pipeline::239.772*0.65] mapped 398972 sequences
[M::worker_pipeline::244.147*0.65] mapped 399096 sequences
[M::worker_pipeline::248.288*0.65] mapped 399008 sequences
[M::worker_pipeline::252.303*0.64] mapped 398934 sequences
[M::worker_pipeline::254.018*0.63] mapped 164274 sequences
[M::main] Version: 2.8-r711-dirty
[M::main] CMD: minimap2 -ax sr /gpfs/home/b042/greenland_2017/reference_seqs/Pardosa_spp_derep.fas Sample_PRO1747_PlateH_E7_R1_val_1.fq.gz Sample_PRO1747_PlateH_E7_R2_val_2.fq.gz
[M::main] Real time: 254.022 sec; CPU: 161.228 sec
[M::mm_idx_gen::0.054*0.88] collected minimizers
[M::mm_idx_gen::0.068*1.27] sorted minimizers
[M::main::0.069*1.26] loaded/built the index for 1712 target sequence(s)
[M::mm_mapopt_update::0.069*1.26] mid_occ = 1000
[M::mm_idx_stat] kmer size: 21; skip: 11; is_hpc: 0; #seq: 1712
[M::mm_idx_stat::0.070*1.26] distinct minimizers: 6414 (47.68% are singletons); average occurrences: 27.933; average spacing: 6.281
[M::worker_pipeline::6.743*1.26] mapped 399272 sequences
[M::worker_pipeline::11.552*0.99] mapped 399172 sequences
[M::worker_pipeline::16.935*0.86] mapped 399386 sequences
[M::worker_pipeline::21.955*0.80] mapped 399156 sequences
[M::worker_pipeline::27.148*0.75] mapped 399254 sequences
[M::worker_pipeline::31.992*0.73] mapped 399148 sequences
[M::worker_pipeline::37.135*0.72] mapped 399234 sequences
[M::worker_pipeline::42.340*0.70] mapped 399262 sequences
[M::worker_pipeline::47.398*0.69] mapped 399182 sequences
[M::worker_pipeline::52.502*0.68] mapped 399218 sequences
[M::worker_pipeline::57.380*0.68] mapped 399146 sequences
[M::worker_pipeline::62.565*0.67] mapped 399382 sequences
[M::worker_pipeline::67.779*0.66] mapped 399390 sequences
[M::worker_pipeline::73.025*0.66] mapped 399354 sequences
[M::worker_pipeline::78.002*0.65] mapped 399226 sequences
[M::worker_pipeline::83.247*0.65] mapped 399298 sequences
[M::worker_pipeline::88.336*0.65] mapped 399212 sequences
[M::worker_pipeline::93.726*0.64] mapped 399434 sequences
[M::worker_pipeline::98.786*0.64] mapped 399304 sequences
[M::worker_pipeline::104.113*0.64] mapped 399302 sequences
[M::worker_pipeline::109.085*0.64] mapped 399188 sequences
[M::worker_pipeline::114.612*0.63] mapped 399556 sequences
[M::worker_pipeline::119.813*0.63] mapped 399320 sequences
[M::worker_pipeline::125.195*0.63] mapped 399394 sequences
[M::worker_pipeline::130.194*0.63] mapped 399308 sequences
[M::worker_pipeline::135.430*0.62] mapped 399248 sequences
[M::worker_pipeline::140.867*0.62] mapped 399396 sequences
[M::worker_pipeline::146.048*0.62] mapped 399390 sequences
[M::worker_pipeline::151.287*0.62] mapped 399372 sequences
[M::worker_pipeline::156.278*0.62] mapped 399200 sequences
[M::worker_pipeline::161.103*0.62] mapped 399180 sequences
[M::worker_pipeline::165.948*0.62] mapped 399238 sequences
[M::worker_pipeline::170.059*0.62] mapped 398944 sequences
[M::worker_pipeline::174.529*0.62] mapped 399140 sequences
[M::worker_pipeline::178.786*0.62] mapped 399010 sequences
[M::worker_pipeline::182.961*0.63] mapped 398982 sequences
[M::worker_pipeline::187.267*0.63] mapped 398968 sequences
[M::worker_pipeline::191.523*0.63] mapped 398964 sequences
[M::worker_pipeline::195.705*0.63] mapped 398864 sequences
[M::worker_pipeline::199.941*0.63] mapped 399056 sequences
[M::worker_pipeline::204.169*0.63] mapped 398988 sequences
[M::worker_pipeline::208.317*0.64] mapped 398978 sequences
[M::worker_pipeline::212.629*0.64] mapped 398948 sequences
[M::worker_pipeline::216.867*0.64] mapped 398984 sequences
[M::worker_pipeline::221.186*0.64] mapped 399112 sequences
[M::worker_pipeline::225.459*0.64] mapped 399014 sequences
[M::worker_pipeline::229.656*0.64] mapped 399036 sequences
[M::worker_pipeline::233.904*0.64] mapped 398986 sequences
[M::worker_pipeline::238.306*0.65] mapped 398982 sequences
[M::worker_pipeline::242.758*0.65] mapped 399056 sequences
[M::worker_pipeline::246.992*0.64] mapped 399028 sequences
[M::worker_pipeline::250.929*0.64] mapped 398852 sequences
[M::worker_pipeline::254.196*0.63] mapped 299204 sequences
[M::main] Version: 2.8-r711-dirty
[M::main] CMD: minimap2 -ax sr /gpfs/home/b042/greenland_2017/reference_seqs/Pardosa_spp_derep.fas Sample_PRO1747_PlateH_E9_R1_val_1.fq.gz Sample_PRO1747_PlateH_E9_R2_val_2.fq.gz
[M::main] Real time: 254.204 sec; CPU: 159.743 sec
[M::mm_idx_gen::0.049*1.03] collected minimizers
[M::mm_idx_gen::0.063*1.43] sorted minimizers
[M::main::0.064*1.42] loaded/built the index for 1712 target sequence(s)
[M::mm_mapopt_update::0.064*1.42] mid_occ = 1000
[M::mm_idx_stat] kmer size: 21; skip: 11; is_hpc: 0; #seq: 1712
[M::mm_idx_stat::0.065*1.42] distinct minimizers: 6414 (47.68% are singletons); average occurrences: 27.933; average spacing: 6.281
[M::worker_pipeline::6.654*1.38] mapped 399442 sequences
[M::worker_pipeline::11.526*1.07] mapped 399358 sequences
[M::worker_pipeline::16.644*0.92] mapped 399532 sequences
[M::worker_pipeline::21.521*0.87] mapped 399358 sequences
[M::worker_pipeline::26.445*0.83] mapped 399400 sequences
[M::worker_pipeline::31.474*0.79] mapped 399412 sequences
[M::worker_pipeline::36.389*0.78] mapped 399362 sequences
[M::worker_pipeline::41.540*0.75] mapped 399482 sequences
[M::worker_pipeline::46.460*0.75] mapped 399332 sequences
[M::worker_pipeline::51.476*0.74] mapped 399346 sequences
[M::worker_pipeline::56.361*0.73] mapped 399408 sequences
[M::worker_pipeline::61.618*0.72] mapped 399722 sequences
[M::worker_pipeline::66.579*0.72] mapped 399528 sequences
[M::worker_pipeline::71.439*0.71] mapped 399434 sequences
[M::worker_pipeline::76.601*0.71] mapped 399482 sequences
[M::worker_pipeline::81.531*0.70] mapped 399390 sequences
[M::worker_pipeline::86.888*0.70] mapped 399624 sequences
[M::worker_pipeline::92.015*0.69] mapped 399512 sequences
[M::worker_pipeline::97.197*0.69] mapped 399500 sequences
[M::worker_pipeline::102.149*0.69] mapped 399378 sequences
[M::worker_pipeline::107.437*0.68] mapped 399724 sequences
[M::worker_pipeline::112.526*0.68] mapped 399588 sequences
[M::worker_pipeline::117.533*0.68] mapped 399470 sequences
[M::worker_pipeline::122.715*0.68] mapped 399470 sequences
[M::worker_pipeline::127.637*0.68] mapped 399426 sequences
[M::worker_pipeline::133.002*0.67] mapped 399684 sequences
[M::worker_pipeline::138.162*0.67] mapped 399514 sequences
[M::worker_pipeline::143.105*0.67] mapped 399448 sequences
[M::worker_pipeline::147.952*0.67] mapped 399366 sequences
[M::worker_pipeline::152.881*0.67] mapped 399456 sequences
[M::worker_pipeline::156.900*0.67] mapped 399078 sequences
[M::worker_pipeline::161.148*0.68] mapped 399228 sequences
[M::worker_pipeline::165.424*0.68] mapped 399134 sequences
[M::worker_pipeline::169.567*0.68] mapped 399100 sequences
[M::worker_pipeline::173.863*0.68] mapped 399148 sequences
[M::worker_pipeline::178.079*0.68] mapped 399092 sequences
[M::worker_pipeline::182.188*0.69] mapped 399166 sequences
[M::worker_pipeline::186.221*0.69] mapped 399114 sequences
[M::worker_pipeline::190.370*0.69] mapped 399108 sequences
[M::worker_pipeline::194.436*0.69] mapped 399142 sequences
[M::worker_pipeline::198.500*0.69] mapped 399146 sequences
[M::worker_pipeline::202.687*0.70] mapped 399176 sequences
[M::worker_pipeline::206.991*0.70] mapped 399234 sequences
[M::worker_pipeline::211.156*0.70] mapped 399132 sequences
[M::worker_pipeline::215.303*0.70] mapped 399102 sequences
[M::worker_pipeline::219.657*0.70] mapped 399190 sequences
[M::worker_pipeline::223.811*0.69] mapped 399140 sequences
[M::worker_pipeline::227.766*0.68] mapped 399068 sequences
[M::worker_pipeline::229.018*0.68] mapped 125662 sequences
[M::main] Version: 2.8-r711-dirty
[M::main] CMD: minimap2 -ax sr /gpfs/home/b042/greenland_2017/reference_seqs/Pardosa_spp_derep.fas Sample_PRO1747_PlateH_F10_R1_val_1.fq.gz Sample_PRO1747_PlateH_F10_R2_val_2.fq.gz
[M::main] Real time: 229.023 sec; CPU: 155.796 sec
[M::mm_idx_gen::0.048*1.01] collected minimizers
[M::mm_idx_gen::0.062*1.41] sorted minimizers
[M::main::0.063*1.40] loaded/built the index for 1712 target sequence(s)
[M::mm_mapopt_update::0.063*1.40] mid_occ = 1000
[M::mm_idx_stat] kmer size: 21; skip: 11; is_hpc: 0; #seq: 1712
[M::mm_idx_stat::0.064*1.38] distinct minimizers: 6414 (47.68% are singletons); average occurrences: 27.933; average spacing: 6.281
[M::worker_pipeline::6.026*1.42] mapped 399186 sequences
[M::worker_pipeline::10.501*1.09] mapped 399150 sequences
[M::worker_pipeline::15.040*0.97] mapped 399268 sequences
[M::worker_pipeline::19.489*0.90] mapped 399202 sequences
[M::worker_pipeline::24.120*0.85] mapped 399176 sequences
[M::worker_pipeline::28.586*0.83] mapped 399166 sequences
[M::worker_pipeline::33.069*0.81] mapped 399164 sequences
[M::worker_pipeline::37.670*0.79] mapped 399232 sequences
[M::worker_pipeline::42.257*0.77] mapped 399160 sequences
[M::worker_pipeline::46.919*0.76] mapped 399238 sequences
[M::worker_pipeline::51.406*0.75] mapped 399142 sequences
[M::worker_pipeline::56.077*0.74] mapped 399130 sequences
[M::worker_pipeline::60.345*0.74] mapped 399134 sequences
[M::worker_pipeline::64.998*0.73] mapped 399364 sequences
[M::worker_pipeline::69.626*0.73] mapped 399268 sequences
[M::worker_pipeline::74.177*0.73] mapped 399268 sequences
[M::worker_pipeline::78.571*0.72] mapped 399176 sequences
[M::worker_pipeline::83.139*0.72] mapped 399254 sequences
[M::worker_pipeline::87.673*0.72] mapped 399162 sequences
[M::worker_pipeline::92.353*0.71] mapped 399320 sequences
[M::worker_pipeline::96.996*0.71] mapped 399270 sequences
[M::worker_pipeline::101.522*0.71] mapped 399246 sequences
[M::worker_pipeline::106.298*0.70] mapped 399256 sequences
[M::worker_pipeline::110.898*0.70] mapped 399152 sequences
[M::worker_pipeline::115.620*0.70] mapped 399392 sequences
[M::worker_pipeline::120.148*0.69] mapped 399286 sequences
[M::worker_pipeline::124.833*0.69] mapped 399304 sequences
[M::worker_pipeline::129.295*0.69] mapped 399246 sequences
[M::worker_pipeline::133.902*0.69] mapped 399236 sequences
[M::worker_pipeline::138.494*0.69] mapped 399230 sequences
[M::worker_pipeline::143.148*0.69] mapped 399326 sequences
[M::worker_pipeline::147.899*0.68] mapped 399324 sequences
[M::worker_pipeline::152.537*0.68] mapped 399302 sequences
[M::worker_pipeline::157.173*0.68] mapped 399240 sequences
[M::worker_pipeline::161.530*0.68] mapped 399154 sequences
[M::worker_pipeline::165.910*0.68] mapped 399182 sequences
[M::worker_pipeline::170.197*0.68] mapped 399196 sequences
[M::worker_pipeline::174.079*0.68] mapped 398938 sequences
[M::worker_pipeline::178.033*0.68] mapped 399092 sequences
[M::worker_pipeline::181.942*0.69] mapped 399048 sequences
[M::worker_pipeline::185.862*0.69] mapped 398958 sequences
[M::worker_pipeline::189.735*0.69] mapped 398978 sequences
[M::worker_pipeline::193.726*0.69] mapped 398974 sequences
[M::worker_pipeline::197.664*0.69] mapped 398956 sequences
[M::worker_pipeline::201.681*0.69] mapped 399056 sequences
[M::worker_pipeline::205.432*0.69] mapped 398974 sequences
[M::worker_pipeline::209.341*0.70] mapped 398938 sequences
[M::worker_pipeline::213.329*0.70] mapped 398980 sequences
[M::worker_pipeline::217.209*0.70] mapped 399048 sequences
[M::worker_pipeline::221.026*0.70] mapped 398966 sequences
[M::worker_pipeline::224.978*0.70] mapped 399024 sequences
[M::worker_pipeline::228.984*0.70] mapped 399062 sequences
[M::worker_pipeline::232.915*0.70] mapped 398984 sequences
[M::worker_pipeline::236.830*0.70] mapped 398970 sequences
[M::worker_pipeline::240.654*0.70] mapped 398942 sequences
[M::worker_pipeline::244.750*0.70] mapped 399056 sequences
[M::worker_pipeline::248.699*0.70] mapped 399030 sequences
[M::worker_pipeline::252.455*0.69] mapped 398898 sequences
[M::worker_pipeline::254.816*0.69] mapped 243110 sequences
[M::main] Version: 2.8-r711-dirty
[M::main] CMD: minimap2 -ax sr /gpfs/home/b042/greenland_2017/reference_seqs/Pardosa_spp_derep.fas Sample_PRO1747_PlateH_F11_R1_val_1.fq.gz Sample_PRO1747_PlateH_F11_R2_val_2.fq.gz
[M::main] Real time: 254.824 sec; CPU: 174.713 sec
[M::mm_idx_gen::0.048*1.02] collected minimizers
[M::mm_idx_gen::0.061*1.42] sorted minimizers
[M::main::0.062*1.41] loaded/built the index for 1712 target sequence(s)
[M::mm_mapopt_update::0.062*1.41] mid_occ = 1000
[M::mm_idx_stat] kmer size: 21; skip: 11; is_hpc: 0; #seq: 1712
[M::mm_idx_stat::0.063*1.41] distinct minimizers: 6414 (47.68% are singletons); average occurrences: 27.933; average spacing: 6.281
[M::worker_pipeline::5.404*2.86] mapped 398834 sequences
[M::worker_pipeline::8.657*2.41] mapped 398778 sequences
[M::worker_pipeline::11.788*2.23] mapped 398780 sequences
[M::worker_pipeline::15.083*2.10] mapped 398908 sequences
[M::worker_pipeline::18.260*2.03] mapped 398780 sequences
[M::worker_pipeline::21.339*1.99] mapped 398780 sequences
[M::worker_pipeline::24.599*1.95] mapped 398826 sequences
[M::worker_pipeline::27.820*1.92] mapped 398766 sequences
[M::worker_pipeline::31.113*1.89] mapped 398816 sequences
[M::worker_pipeline::34.352*1.87] mapped 398766 sequences
[M::worker_pipeline::37.465*1.86] mapped 398786 sequences
[M::worker_pipeline::40.749*1.85] mapped 398856 sequences
[M::worker_pipeline::44.047*1.83] mapped 398764 sequences
[M::worker_pipeline::47.257*1.82] mapped 398776 sequences
[M::worker_pipeline::50.627*1.81] mapped 398798 sequences
[M::worker_pipeline::53.636*1.81] mapped 398812 sequences
[M::worker_pipeline::56.817*1.81] mapped 398866 sequences
[M::worker_pipeline::60.184*1.80] mapped 398968 sequences
[M::worker_pipeline::63.240*1.80] mapped 398820 sequences
[M::worker_pipeline::66.600*1.79] mapped 398858 sequences
[M::worker_pipeline::69.941*1.78] mapped 398868 sequences
[M::worker_pipeline::73.132*1.78] mapped 398810 sequences
[M::worker_pipeline::76.510*1.77] mapped 398840 sequences
[M::worker_pipeline::79.728*1.77] mapped 398792 sequences
[M::worker_pipeline::83.070*1.77] mapped 398888 sequences
[M::worker_pipeline::86.392*1.76] mapped 398862 sequences
[M::worker_pipeline::89.566*1.76] mapped 398812 sequences
[M::worker_pipeline::92.837*1.76] mapped 398850 sequences
[M::worker_pipeline::96.177*1.75] mapped 398844 sequences
[M::worker_pipeline::99.395*1.75] mapped 398800 sequences
[M::worker_pipeline::102.669*1.75] mapped 398876 sequences
[M::worker_pipeline::106.024*1.74] mapped 399032 sequences
[M::worker_pipeline::109.240*1.74] mapped 398882 sequences
[M::worker_pipeline::112.468*1.74] mapped 398902 sequences
[M::worker_pipeline::115.632*1.74] mapped 398880 sequences
[M::worker_pipeline::118.908*1.74] mapped 398852 sequences
[M::worker_pipeline::122.223*1.74] mapped 398872 sequences
[M::worker_pipeline::125.361*1.74] mapped 398830 sequences
[M::worker_pipeline::128.749*1.73] mapped 398932 sequences
[M::worker_pipeline::132.113*1.73] mapped 398950 sequences
[M::worker_pipeline::135.435*1.73] mapped 398890 sequences
[M::worker_pipeline::138.842*1.72] mapped 398914 sequences
[M::worker_pipeline::141.994*1.73] mapped 398836 sequences
[M::worker_pipeline::145.213*1.72] mapped 398834 sequences
[M::worker_pipeline::148.306*1.72] mapped 398798 sequences
[M::worker_pipeline::151.614*1.72] mapped 398866 sequences
[M::worker_pipeline::154.104*1.73] mapped 398544 sequences
[M::worker_pipeline::156.680*1.74] mapped 398514 sequences
[M::worker_pipeline::159.435*1.74] mapped 398646 sequences
[M::worker_pipeline::162.036*1.75] mapped 398578 sequences
[M::worker_pipeline::164.685*1.75] mapped 398500 sequences
[M::worker_pipeline::167.233*1.76] mapped 398492 sequences
[M::worker_pipeline::169.877*1.76] mapped 398528 sequences
[M::worker_pipeline::172.521*1.77] mapped 398502 sequences
[M::worker_pipeline::175.152*1.77] mapped 398498 sequences
[M::worker_pipeline::177.790*1.78] mapped 398516 sequences
[M::worker_pipeline::180.399*1.78] mapped 398524 sequences
[M::worker_pipeline::183.022*1.79] mapped 398550 sequences
[M::worker_pipeline::185.525*1.79] mapped 398532 sequences
[M::worker_pipeline::188.184*1.80] mapped 398508 sequences
[M::worker_pipeline::190.713*1.80] mapped 398532 sequences
[M::worker_pipeline::193.315*1.81] mapped 398498 sequences
[M::worker_pipeline::195.915*1.81] mapped 398562 sequences
[M::worker_pipeline::198.492*1.81] mapped 398520 sequences
[M::worker_pipeline::201.180*1.82] mapped 398598 sequences
[M::worker_pipeline::203.691*1.82] mapped 398526 sequences
[M::worker_pipeline::206.188*1.83] mapped 398550 sequences
[M::worker_pipeline::208.765*1.83] mapped 398538 sequences
[M::worker_pipeline::211.327*1.83] mapped 398512 sequences
[M::worker_pipeline::213.877*1.84] mapped 398554 sequences
[M::worker_pipeline::216.464*1.84] mapped 398562 sequences
[M::worker_pipeline::218.852*1.83] mapped 398492 sequences
[M::worker_pipeline::221.290*1.81] mapped 398540 sequences
[M::worker_pipeline::221.734*1.81] mapped 68808 sequences
[M::main] Version: 2.8-r711-dirty
[M::main] CMD: minimap2 -ax sr /gpfs/home/b042/greenland_2017/reference_seqs/Pardosa_spp_derep.fas Sample_PRO1747_PlateH_F12_R1_val_1.fq.gz Sample_PRO1747_PlateH_F12_R2_val_2.fq.gz
[M::main] Real time: 221.743 sec; CPU: 400.947 sec
[M::mm_idx_gen::0.049*1.04] collected minimizers
[M::mm_idx_gen::0.061*1.35] sorted minimizers
[M::main::0.062*1.35] loaded/built the index for 1712 target sequence(s)
[M::mm_mapopt_update::0.062*1.35] mid_occ = 1000
[M::mm_idx_stat] kmer size: 21; skip: 11; is_hpc: 0; #seq: 1712
[M::mm_idx_stat::0.063*1.34] distinct minimizers: 6414 (47.68% are singletons); average occurrences: 27.933; average spacing: 6.281
[M::worker_pipeline::5.978*1.41] mapped 399160 sequences
[M::worker_pipeline::10.329*1.10] mapped 399152 sequences
[M::worker_pipeline::14.805*0.96] mapped 399230 sequences
[M::worker_pipeline::19.083*0.90] mapped 399106 sequences
[M::worker_pipeline::23.488*0.86] mapped 399188 sequences
[M::worker_pipeline::27.883*0.83] mapped 399100 sequences
[M::worker_pipeline::32.464*0.81] mapped 399194 sequences
[M::worker_pipeline::36.865*0.79] mapped 399118 sequences
[M::worker_pipeline::41.302*0.78] mapped 399168 sequences
[M::worker_pipeline::45.776*0.76] mapped 399132 sequences
[M::worker_pipeline::50.222*0.76] mapped 399120 sequences
[M::worker_pipeline::54.527*0.75] mapped 399106 sequences
[M::worker_pipeline::58.760*0.75] mapped 399168 sequences
[M::worker_pipeline::63.296*0.74] mapped 399386 sequences
[M::worker_pipeline::67.714*0.74] mapped 399178 sequences
[M::worker_pipeline::72.282*0.73] mapped 399248 sequences
[M::worker_pipeline::76.766*0.73] mapped 399172 sequences
[M::worker_pipeline::81.352*0.72] mapped 399184 sequences
[M::worker_pipeline::85.816*0.72] mapped 399118 sequences
[M::worker_pipeline::90.400*0.71] mapped 399268 sequences
[M::worker_pipeline::94.883*0.71] mapped 399206 sequences
[M::worker_pipeline::99.521*0.71] mapped 399266 sequences
[M::worker_pipeline::103.987*0.71] mapped 399154 sequences
[M::worker_pipeline::108.643*0.70] mapped 399302 sequences
[M::worker_pipeline::113.075*0.70] mapped 399256 sequences
[M::worker_pipeline::117.475*0.70] mapped 399240 sequences
[M::worker_pipeline::121.852*0.70] mapped 399226 sequences
[M::worker_pipeline::126.278*0.70] mapped 399202 sequences
[M::worker_pipeline::130.815*0.70] mapped 399186 sequences
[M::worker_pipeline::135.417*0.69] mapped 399264 sequences
[M::worker_pipeline::140.039*0.69] mapped 399256 sequences
[M::worker_pipeline::144.588*0.69] mapped 399246 sequences
[M::worker_pipeline::148.945*0.69] mapped 399190 sequences
[M::worker_pipeline::153.295*0.69] mapped 399116 sequences
[M::worker_pipeline::157.676*0.69] mapped 399168 sequences
[M::worker_pipeline::161.845*0.69] mapped 399110 sequences
[M::worker_pipeline::165.556*0.69] mapped 398988 sequences
[M::worker_pipeline::169.472*0.69] mapped 398996 sequences
[M::worker_pipeline::173.345*0.70] mapped 399004 sequences
[M::worker_pipeline::177.195*0.70] mapped 398974 sequences
[M::worker_pipeline::181.093*0.70] mapped 398984 sequences
[M::worker_pipeline::184.943*0.70] mapped 398980 sequences
[M::worker_pipeline::188.699*0.70] mapped 398874 sequences
[M::worker_pipeline::192.502*0.70] mapped 398990 sequences
[M::worker_pipeline::196.390*0.70] mapped 398984 sequences
[M::worker_pipeline::200.342*0.71] mapped 399000 sequences
[M::worker_pipeline::204.146*0.71] mapped 398980 sequences
[M::worker_pipeline::207.959*0.71] mapped 398954 sequences
[M::worker_pipeline::211.871*0.71] mapped 399054 sequences
[M::worker_pipeline::215.730*0.71] mapped 399012 sequences
[M::worker_pipeline::219.446*0.71] mapped 398964 sequences
[M::worker_pipeline::223.149*0.71] mapped 398966 sequences
[M::worker_pipeline::226.917*0.71] mapped 398934 sequences
[M::worker_pipeline::230.770*0.71] mapped 399022 sequences
[M::worker_pipeline::234.540*0.71] mapped 399016 sequences
[M::worker_pipeline::238.158*0.70] mapped 398922 sequences
[M::worker_pipeline::240.039*0.70] mapped 188174 sequences
[M::main] Version: 2.8-r711-dirty
[M::main] CMD: minimap2 -ax sr /gpfs/home/b042/greenland_2017/reference_seqs/Pardosa_spp_derep.fas Sample_PRO1747_PlateH_F3_R1_val_1.fq.gz Sample_PRO1747_PlateH_F3_R2_val_2.fq.gz
[M::main] Real time: 240.045 sec; CPU: 167.158 sec
[M::mm_idx_gen::0.046*1.02] collected minimizers
[M::mm_idx_gen::0.059*1.44] sorted minimizers
[M::main::0.060*1.42] loaded/built the index for 1712 target sequence(s)
[M::mm_mapopt_update::0.060*1.41] mid_occ = 1000
[M::mm_idx_stat] kmer size: 21; skip: 11; is_hpc: 0; #seq: 1712
[M::mm_idx_stat::0.061*1.41] distinct minimizers: 6414 (47.68% are singletons); average occurrences: 27.933; average spacing: 6.281
[M::worker_pipeline::6.318*1.33] mapped 399282 sequences
[M::worker_pipeline::11.044*1.03] mapped 399200 sequences
[M::worker_pipeline::15.939*0.91] mapped 399366 sequences
[M::worker_pipeline::20.605*0.85] mapped 399200 sequences
[M::worker_pipeline::25.493*0.80] mapped 399306 sequences
[M::worker_pipeline::30.233*0.78] mapped 399190 sequences
[M::worker_pipeline::35.207*0.76] mapped 399286 sequences
[M::worker_pipeline::39.938*0.74] mapped 399180 sequences
[M::worker_pipeline::45.036*0.72] mapped 399308 sequences
[M::worker_pipeline::49.755*0.72] mapped 399156 sequences
[M::worker_pipeline::54.730*0.70] mapped 399252 sequences
[M::worker_pipeline::59.294*0.70] mapped 399164 sequences
[M::worker_pipeline::64.064*0.69] mapped 399348 sequences
[M::worker_pipeline::69.013*0.68] mapped 399434 sequences
[M::worker_pipeline::73.854*0.68] mapped 399334 sequences
[M::worker_pipeline::78.723*0.67] mapped 399310 sequences
[M::worker_pipeline::83.574*0.67] mapped 399254 sequences
[M::worker_pipeline::88.322*0.67] mapped 399242 sequences
[M::worker_pipeline::93.231*0.66] mapped 399340 sequences
[M::worker_pipeline::98.158*0.66] mapped 399318 sequences
[M::worker_pipeline::102.988*0.66] mapped 399342 sequences
[M::worker_pipeline::108.143*0.66] mapped 399304 sequences
[M::worker_pipeline::113.002*0.65] mapped 399164 sequences
[M::worker_pipeline::118.102*0.65] mapped 399510 sequences
[M::worker_pipeline::122.892*0.65] mapped 399348 sequences
[M::worker_pipeline::127.927*0.65] mapped 399400 sequences
[M::worker_pipeline::132.583*0.65] mapped 399286 sequences
[M::worker_pipeline::137.557*0.65] mapped 399334 sequences
[M::worker_pipeline::142.243*0.65] mapped 399192 sequences
[M::worker_pipeline::147.530*0.64] mapped 399502 sequences
[M::worker_pipeline::152.305*0.64] mapped 399286 sequences
[M::worker_pipeline::157.339*0.64] mapped 399360 sequences
[M::worker_pipeline::162.035*0.64] mapped 399214 sequences
[M::worker_pipeline::166.673*0.64] mapped 399198 sequences
[M::worker_pipeline::171.446*0.64] mapped 399290 sequences
[M::worker_pipeline::175.467*0.64] mapped 398994 sequences
[M::worker_pipeline::179.596*0.64] mapped 399172 sequences
[M::worker_pipeline::183.689*0.64] mapped 399074 sequences
[M::worker_pipeline::187.798*0.65] mapped 398998 sequences
[M::worker_pipeline::191.734*0.65] mapped 398944 sequences
[M::worker_pipeline::195.834*0.65] mapped 399004 sequences
[M::worker_pipeline::199.893*0.65] mapped 399006 sequences
[M::worker_pipeline::203.831*0.65] mapped 398998 sequences
[M::worker_pipeline::207.790*0.65] mapped 398998 sequences
[M::worker_pipeline::211.729*0.66] mapped 399038 sequences
[M::worker_pipeline::215.746*0.66] mapped 399018 sequences
[M::worker_pipeline::219.833*0.66] mapped 399074 sequences
[M::worker_pipeline::223.917*0.66] mapped 398986 sequences
[M::worker_pipeline::228.067*0.66] mapped 399070 sequences
[M::worker_pipeline::232.167*0.66] mapped 399032 sequences
[M::worker_pipeline::236.249*0.66] mapped 399058 sequences
[M::worker_pipeline::240.129*0.67] mapped 398972 sequences
[M::worker_pipeline::244.252*0.67] mapped 399016 sequences
[M::worker_pipeline::248.401*0.67] mapped 399070 sequences
[M::worker_pipeline::252.545*0.67] mapped 399054 sequences
[M::worker_pipeline::256.388*0.66] mapped 398928 sequences
[M::worker_pipeline::259.999*0.65] mapped 357830 sequences
[M::main] Version: 2.8-r711-dirty
[M::main] CMD: minimap2 -ax sr /gpfs/home/b042/greenland_2017/reference_seqs/Pardosa_spp_derep.fas Sample_PRO1747_PlateH_F4_R1_val_1.fq.gz Sample_PRO1747_PlateH_F4_R2_val_2.fq.gz
[M::main] Real time: 260.006 sec; CPU: 169.273 sec
[M::mm_idx_gen::0.050*1.01] collected minimizers
[M::mm_idx_gen::0.062*1.38] sorted minimizers
[M::main::0.063*1.36] loaded/built the index for 1712 target sequence(s)
[M::mm_mapopt_update::0.063*1.36] mid_occ = 1000
[M::mm_idx_stat] kmer size: 21; skip: 11; is_hpc: 0; #seq: 1712
[M::mm_idx_stat::0.064*1.36] distinct minimizers: 6414 (47.68% are singletons); average occurrences: 27.933; average spacing: 6.281
[M::worker_pipeline::6.194*1.33] mapped 399614 sequences
[M::worker_pipeline::10.842*1.02] mapped 399624 sequences
[M::worker_pipeline::15.550*0.90] mapped 399706 sequences
[M::worker_pipeline::20.351*0.84] mapped 399664 sequences
[M::worker_pipeline::25.032*0.80] mapped 399568 sequences
[M::worker_pipeline::29.707*0.77] mapped 399690 sequences
[M::worker_pipeline::34.355*0.76] mapped 399554 sequences
[M::worker_pipeline::39.316*0.74] mapped 399672 sequences
[M::worker_pipeline::43.848*0.73] mapped 399530 sequences
[M::worker_pipeline::48.823*0.72] mapped 399686 sequences
[M::worker_pipeline::53.364*0.71] mapped 399508 sequences
[M::worker_pipeline::58.108*0.70] mapped 399618 sequences
[M::worker_pipeline::62.544*0.70] mapped 399544 sequences
[M::worker_pipeline::67.240*0.70] mapped 399784 sequences
[M::worker_pipeline::72.004*0.69] mapped 399786 sequences
[M::worker_pipeline::76.782*0.69] mapped 399716 sequences
[M::worker_pipeline::81.552*0.68] mapped 399710 sequences
[M::worker_pipeline::86.176*0.68] mapped 399658 sequences
[M::worker_pipeline::90.973*0.68] mapped 399644 sequences
[M::worker_pipeline::95.711*0.68] mapped 399630 sequences
[M::worker_pipeline::100.679*0.67] mapped 399800 sequences
[M::worker_pipeline::105.351*0.67] mapped 399640 sequences
[M::worker_pipeline::110.084*0.67] mapped 399738 sequences
[M::worker_pipeline::114.939*0.67] mapped 399686 sequences
[M::worker_pipeline::119.660*0.67] mapped 399612 sequences
[M::worker_pipeline::124.735*0.66] mapped 399962 sequences
[M::worker_pipeline::129.333*0.66] mapped 399672 sequences
[M::worker_pipeline::134.233*0.66] mapped 399790 sequences
[M::worker_pipeline::138.886*0.66] mapped 399600 sequences
[M::worker_pipeline::143.804*0.66] mapped 399754 sequences
[M::worker_pipeline::148.486*0.66] mapped 399558 sequences
[M::worker_pipeline::153.647*0.66] mapped 399910 sequences
[M::worker_pipeline::158.280*0.66] mapped 399694 sequences
[M::worker_pipeline::163.254*0.65] mapped 399770 sequences
[M::worker_pipeline::167.739*0.65] mapped 399574 sequences
[M::worker_pipeline::172.296*0.65] mapped 399550 sequences
[M::worker_pipeline::177.125*0.65] mapped 399732 sequences
[M::worker_pipeline::181.129*0.65] mapped 399508 sequences
[M::worker_pipeline::185.192*0.66] mapped 399572 sequences
[M::worker_pipeline::189.271*0.66] mapped 399480 sequences
[M::worker_pipeline::193.285*0.66] mapped 399546 sequences
[M::worker_pipeline::197.350*0.66] mapped 399448 sequences
[M::worker_pipeline::201.377*0.66] mapped 399468 sequences
[M::worker_pipeline::205.420*0.66] mapped 399490 sequences
[M::worker_pipeline::209.324*0.67] mapped 399402 sequences
[M::worker_pipeline::213.276*0.67] mapped 399524 sequences
[M::worker_pipeline::217.225*0.67] mapped 399464 sequences
[M::worker_pipeline::221.172*0.67] mapped 399394 sequences
[M::worker_pipeline::225.154*0.67] mapped 399530 sequences
[M::worker_pipeline::229.256*0.67] mapped 399520 sequences
[M::worker_pipeline::233.168*0.67] mapped 399454 sequences
[M::worker_pipeline::237.298*0.68] mapped 399616 sequences
[M::worker_pipeline::241.302*0.68] mapped 399494 sequences
[M::worker_pipeline::245.228*0.68] mapped 399518 sequences
[M::worker_pipeline::249.147*0.68] mapped 399494 sequences
[M::worker_pipeline::253.223*0.68] mapped 399520 sequences
[M::worker_pipeline::257.304*0.68] mapped 399536 sequences
[M::worker_pipeline::261.415*0.68] mapped 399428 sequences
[M::worker_pipeline::265.470*0.68] mapped 399496 sequences
[M::worker_pipeline::269.485*0.67] mapped 399460 sequences
[M::worker_pipeline::271.051*0.66] mapped 157288 sequences
[M::main] Version: 2.8-r711-dirty
[M::main] CMD: minimap2 -ax sr /gpfs/home/b042/greenland_2017/reference_seqs/Pardosa_spp_derep.fas Sample_PRO1747_PlateH_F5_R1_val_1.fq.gz Sample_PRO1747_PlateH_F5_R2_val_2.fq.gz
[M::main] Real time: 271.057 sec; CPU: 180.054 sec
[M::mm_idx_gen::0.045*1.02] collected minimizers
[M::mm_idx_gen::0.058*1.42] sorted minimizers
[M::main::0.059*1.40] loaded/built the index for 1712 target sequence(s)
[M::mm_mapopt_update::0.059*1.40] mid_occ = 1000
[M::mm_idx_stat] kmer size: 21; skip: 11; is_hpc: 0; #seq: 1712
[M::mm_idx_stat::0.060*1.39] distinct minimizers: 6414 (47.68% are singletons); average occurrences: 27.933; average spacing: 6.281
[M::worker_pipeline::6.379*1.32] mapped 399342 sequences
[M::worker_pipeline::11.110*1.02] mapped 399296 sequences
[M::worker_pipeline::16.119*0.90] mapped 399428 sequences
[M::worker_pipeline::20.953*0.84] mapped 399310 sequences
[M::worker_pipeline::25.977*0.79] mapped 399400 sequences
[M::worker_pipeline::30.677*0.77] mapped 399302 sequences
[M::worker_pipeline::35.638*0.75] mapped 399366 sequences
[M::worker_pipeline::40.603*0.73] mapped 399318 sequences
[M::worker_pipeline::45.602*0.71] mapped 399356 sequences
[M::worker_pipeline::50.509*0.70] mapped 399282 sequences
[M::worker_pipeline::55.216*0.70] mapped 399304 sequences
[M::worker_pipeline::60.130*0.69] mapped 399422 sequences
[M::worker_pipeline::65.245*0.68] mapped 399482 sequences
[M::worker_pipeline::70.237*0.68] mapped 399422 sequences
[M::worker_pipeline::75.191*0.67] mapped 399390 sequences
[M::worker_pipeline::80.148*0.67] mapped 399392 sequences
[M::worker_pipeline::84.946*0.66] mapped 399334 sequences
[M::worker_pipeline::90.100*0.66] mapped 399450 sequences
[M::worker_pipeline::94.900*0.66] mapped 399334 sequences
[M::worker_pipeline::99.844*0.65] mapped 399418 sequences
[M::worker_pipeline::104.814*0.65] mapped 399330 sequences
[M::worker_pipeline::109.840*0.65] mapped 399480 sequences
[M::worker_pipeline::114.702*0.65] mapped 399452 sequences
[M::worker_pipeline::119.665*0.65] mapped 399470 sequences
[M::worker_pipeline::124.355*0.65] mapped 399354 sequences
[M::worker_pipeline::129.369*0.64] mapped 399390 sequences
[M::worker_pipeline::134.276*0.64] mapped 399360 sequences
[M::worker_pipeline::139.492*0.64] mapped 399474 sequences
[M::worker_pipeline::144.630*0.64] mapped 399416 sequences
[M::worker_pipeline::149.476*0.64] mapped 399398 sequences
[M::worker_pipeline::154.310*0.64] mapped 399338 sequences
[M::worker_pipeline::159.335*0.63] mapped 399376 sequences
[M::worker_pipeline::163.756*0.64] mapped 399308 sequences
[M::worker_pipeline::168.074*0.64] mapped 399358 sequences
[M::worker_pipeline::172.397*0.64] mapped 399296 sequences
[M::worker_pipeline::176.732*0.64] mapped 399318 sequences
[M::worker_pipeline::180.863*0.64] mapped 399244 sequences
[M::worker_pipeline::185.229*0.64] mapped 399270 sequences
[M::worker_pipeline::189.571*0.64] mapped 399270 sequences
[M::worker_pipeline::193.535*0.65] mapped 399168 sequences
[M::worker_pipeline::197.902*0.65] mapped 399402 sequences
[M::worker_pipeline::201.976*0.65] mapped 399296 sequences
[M::worker_pipeline::206.208*0.65] mapped 399294 sequences
[M::worker_pipeline::210.489*0.65] mapped 399254 sequences
[M::worker_pipeline::214.798*0.65] mapped 399260 sequences
[M::worker_pipeline::219.038*0.65] mapped 399402 sequences
[M::worker_pipeline::223.288*0.65] mapped 399286 sequences
[M::worker_pipeline::227.576*0.65] mapped 399326 sequences
[M::worker_pipeline::231.593*0.66] mapped 399280 sequences
[M::worker_pipeline::235.925*0.66] mapped 399240 sequences
[M::worker_pipeline::240.326*0.66] mapped 399314 sequences
[M::worker_pipeline::244.585*0.65] mapped 399312 sequences
[M::worker_pipeline::248.525*0.65] mapped 399164 sequences
[M::worker_pipeline::251.989*0.64] mapped 327070 sequences
[M::main] Version: 2.8-r711-dirty
[M::main] CMD: minimap2 -ax sr /gpfs/home/b042/greenland_2017/reference_seqs/Pardosa_spp_derep.fas Sample_PRO1747_PlateH_F6_R1_val_1.fq.gz Sample_PRO1747_PlateH_F6_R2_val_2.fq.gz
[M::main] Real time: 251.995 sec; CPU: 160.880 sec
[M::mm_idx_gen::0.047*1.03] collected minimizers
[M::mm_idx_gen::0.059*1.42] sorted minimizers
[M::main::0.060*1.39] loaded/built the index for 1712 target sequence(s)
[M::mm_mapopt_update::0.060*1.39] mid_occ = 1000
[M::mm_idx_stat] kmer size: 21; skip: 11; is_hpc: 0; #seq: 1712
[M::mm_idx_stat::0.061*1.39] distinct minimizers: 6414 (47.68% are singletons); average occurrences: 27.933; average spacing: 6.281
[M::worker_pipeline::6.382*1.31] mapped 399172 sequences
[M::worker_pipeline::11.206*1.02] mapped 399100 sequences
[M::worker_pipeline::16.280*0.89] mapped 399258 sequences
[M::worker_pipeline::21.027*0.83] mapped 399094 sequences
[M::worker_pipeline::26.017*0.78] mapped 399188 sequences
[M::worker_pipeline::30.749*0.76] mapped 399060 sequences
[M::worker_pipeline::35.801*0.74] mapped 399178 sequences
[M::worker_pipeline::40.626*0.73] mapped 399070 sequences
[M::worker_pipeline::45.773*0.71] mapped 399240 sequences
[M::worker_pipeline::50.602*0.70] mapped 399070 sequences
[M::worker_pipeline::55.496*0.70] mapped 399128 sequences
[M::worker_pipeline::60.201*0.69] mapped 399086 sequences
[M::worker_pipeline::65.386*0.68] mapped 399390 sequences
[M::worker_pipeline::70.056*0.68] mapped 399158 sequences
[M::worker_pipeline::75.045*0.67] mapped 399288 sequences
[M::worker_pipeline::79.851*0.67] mapped 399126 sequences
[M::worker_pipeline::84.841*0.67] mapped 399234 sequences
[M::worker_pipeline::89.608*0.66] mapped 399126 sequences
[M::worker_pipeline::94.867*0.66] mapped 399362 sequences
[M::worker_pipeline::99.855*0.65] mapped 399198 sequences
[M::worker_pipeline::105.031*0.65] mapped 399238 sequences
[M::worker_pipeline::109.877*0.65] mapped 399142 sequences
[M::worker_pipeline::115.081*0.65] mapped 399378 sequences
[M::worker_pipeline::120.067*0.64] mapped 399286 sequences
[M::worker_pipeline::125.025*0.64] mapped 399296 sequences
[M::worker_pipeline::129.745*0.64] mapped 399154 sequences
[M::worker_pipeline::134.946*0.64] mapped 399252 sequences
[M::worker_pipeline::139.650*0.64] mapped 399116 sequences
[M::worker_pipeline::144.884*0.64] mapped 399434 sequences
[M::worker_pipeline::149.903*0.64] mapped 399222 sequences
[M::worker_pipeline::154.976*0.63] mapped 399300 sequences
[M::worker_pipeline::159.593*0.63] mapped 399134 sequences
[M::worker_pipeline::164.478*0.63] mapped 399136 sequences
[M::worker_pipeline::168.996*0.63] mapped 399108 sequences
[M::worker_pipeline::172.950*0.64] mapped 398860 sequences
[M::worker_pipeline::177.184*0.64] mapped 399018 sequences
[M::worker_pipeline::181.220*0.64] mapped 398974 sequences
[M::worker_pipeline::185.302*0.64] mapped 398872 sequences
[M::worker_pipeline::189.517*0.64] mapped 398922 sequences
[M::worker_pipeline::193.559*0.64] mapped 398908 sequences
[M::worker_pipeline::197.437*0.65] mapped 398816 sequences
[M::worker_pipeline::201.594*0.65] mapped 398998 sequences
[M::worker_pipeline::205.620*0.65] mapped 398914 sequences
[M::worker_pipeline::209.743*0.65] mapped 398924 sequences
[M::worker_pipeline::213.909*0.65] mapped 398946 sequences
[M::worker_pipeline::217.959*0.65] mapped 398924 sequences
[M::worker_pipeline::222.089*0.65] mapped 399000 sequences
[M::worker_pipeline::226.180*0.66] mapped 398940 sequences
[M::worker_pipeline::230.281*0.66] mapped 398932 sequences
[M::worker_pipeline::234.320*0.66] mapped 398896 sequences
[M::worker_pipeline::238.388*0.66] mapped 398894 sequences
[M::worker_pipeline::242.690*0.66] mapped 398972 sequences
[M::worker_pipeline::246.886*0.65] mapped 398946 sequences
[M::worker_pipeline::250.768*0.65] mapped 398852 sequences
[M::worker_pipeline::252.737*0.64] mapped 186628 sequences
[M::main] Version: 2.8-r711-dirty
[M::main] CMD: minimap2 -ax sr /gpfs/home/b042/greenland_2017/reference_seqs/Pardosa_spp_derep.fas Sample_PRO1747_PlateH_F8_R1_val_1.fq.gz Sample_PRO1747_PlateH_F8_R2_val_2.fq.gz
[M::main] Real time: 252.742 sec; CPU: 162.223 sec
[M::mm_idx_gen::0.046*1.01] collected minimizers
[M::mm_idx_gen::0.060*1.43] sorted minimizers
[M::main::0.061*1.41] loaded/built the index for 1712 target sequence(s)
[M::mm_mapopt_update::0.061*1.43] mid_occ = 1000
[M::mm_idx_stat] kmer size: 21; skip: 11; is_hpc: 0; #seq: 1712
[M::mm_idx_stat::0.062*1.40] distinct minimizers: 6414 (47.68% are singletons); average occurrences: 27.933; average spacing: 6.281
[M::worker_pipeline::6.213*1.37] mapped 399206 sequences
[M::worker_pipeline::10.826*1.07] mapped 399144 sequences
[M::worker_pipeline::15.656*0.93] mapped 399264 sequences
[M::worker_pipeline::20.432*0.86] mapped 399200 sequences
[M::worker_pipeline::25.118*0.81] mapped 399138 sequences
[M::worker_pipeline::29.936*0.78] mapped 399200 sequences
[M::worker_pipeline::34.717*0.76] mapped 399124 sequences
[M::worker_pipeline::39.582*0.74] mapped 399190 sequences
[M::worker_pipeline::44.382*0.73] mapped 399108 sequences
[M::worker_pipeline::49.293*0.72] mapped 399260 sequences
[M::worker_pipeline::54.100*0.71] mapped 399108 sequences
[M::worker_pipeline::59.095*0.70] mapped 399182 sequences
[M::worker_pipeline::63.720*0.69] mapped 399124 sequences
[M::worker_pipeline::68.664*0.69] mapped 399368 sequences
[M::worker_pipeline::73.527*0.68] mapped 399314 sequences
[M::worker_pipeline::78.297*0.68] mapped 399286 sequences
[M::worker_pipeline::82.968*0.68] mapped 399220 sequences
[M::worker_pipeline::87.735*0.68] mapped 399218 sequences
[M::worker_pipeline::92.463*0.68] mapped 399188 sequences
[M::worker_pipeline::97.301*0.67] mapped 399264 sequences
[M::worker_pipeline::102.301*0.67] mapped 399348 sequences
[M::worker_pipeline::107.075*0.67] mapped 399254 sequences
[M::worker_pipeline::112.110*0.67] mapped 399272 sequences
[M::worker_pipeline::117.081*0.66] mapped 399184 sequences
[M::worker_pipeline::121.974*0.66] mapped 399326 sequences
[M::worker_pipeline::126.845*0.66] mapped 399354 sequences
[M::worker_pipeline::131.867*0.66] mapped 399294 sequences
[M::worker_pipeline::136.597*0.66] mapped 399250 sequences
[M::worker_pipeline::141.478*0.66] mapped 399262 sequences
[M::worker_pipeline::146.482*0.65] mapped 399220 sequences
[M::worker_pipeline::151.200*0.65] mapped 399206 sequences
[M::worker_pipeline::156.442*0.65] mapped 399428 sequences
[M::worker_pipeline::161.174*0.65] mapped 399252 sequences
[M::worker_pipeline::166.111*0.65] mapped 399314 sequences
[M::worker_pipeline::170.781*0.65] mapped 399164 sequences
[M::worker_pipeline::175.384*0.65] mapped 399126 sequences
[M::worker_pipeline::180.153*0.65] mapped 399234 sequences
[M::worker_pipeline::184.250*0.65] mapped 398882 sequences
[M::worker_pipeline::188.405*0.65] mapped 399088 sequences
[M::worker_pipeline::192.559*0.65] mapped 398960 sequences
[M::worker_pipeline::196.609*0.65] mapped 398934 sequences
[M::worker_pipeline::200.729*0.66] mapped 398928 sequences
[M::worker_pipeline::204.980*0.66] mapped 398946 sequences
[M::worker_pipeline::208.980*0.66] mapped 398922 sequences
[M::worker_pipeline::212.920*0.66] mapped 398818 sequences
[M::worker_pipeline::217.002*0.66] mapped 399032 sequences
[M::worker_pipeline::221.014*0.66] mapped 398918 sequences
[M::worker_pipeline::225.136*0.66] mapped 398934 sequences
[M::worker_pipeline::229.163*0.67] mapped 398916 sequences
[M::worker_pipeline::233.132*0.67] mapped 398918 sequences
[M::worker_pipeline::237.284*0.67] mapped 399044 sequences
[M::worker_pipeline::241.301*0.67] mapped 398946 sequences
[M::worker_pipeline::245.419*0.67] mapped 398954 sequences
[M::worker_pipeline::249.535*0.67] mapped 398968 sequences
[M::worker_pipeline::253.734*0.67] mapped 398962 sequences
[M::worker_pipeline::257.981*0.67] mapped 399000 sequences
[M::worker_pipeline::262.169*0.67] mapped 398950 sequences
[M::worker_pipeline::266.144*0.67] mapped 398878 sequences
[M::worker_pipeline::270.180*0.66] mapped 398942 sequences
[M::worker_pipeline::271.166*0.66] mapped 95860 sequences
[M::main] Version: 2.8-r711-dirty
[M::main] CMD: minimap2 -ax sr /gpfs/home/b042/greenland_2017/reference_seqs/Pardosa_spp_derep.fas Sample_PRO1747_PlateH_F9_R1_val_1.fq.gz Sample_PRO1747_PlateH_F9_R2_val_2.fq.gz
[M::main] Real time: 271.171 sec; CPU: 177.788 sec
[M::mm_idx_gen::0.050*1.00] collected minimizers
[M::mm_idx_gen::0.064*1.43] sorted minimizers
[M::main::0.065*1.42] loaded/built the index for 1712 target sequence(s)
[M::mm_mapopt_update::0.065*1.42] mid_occ = 1000
[M::mm_idx_stat] kmer size: 21; skip: 11; is_hpc: 0; #seq: 1712
[M::mm_idx_stat::0.066*1.40] distinct minimizers: 6414 (47.68% are singletons); average occurrences: 27.933; average spacing: 6.281
[M::worker_pipeline::0.092*1.17] mapped 972 sequences
[M::main] Version: 2.8-r711-dirty
[M::main] CMD: minimap2 -ax sr /gpfs/home/b042/greenland_2017/reference_seqs/Pardosa_spp_derep.fas Sample_PRO1747_PlateH_G1_R1_val_1.fq.gz Sample_PRO1747_PlateH_G1_R2_val_2.fq.gz
[M::main] Real time: 0.096 sec; CPU: 0.112 sec
[M::mm_idx_gen::0.050*1.07] collected minimizers
[M::mm_idx_gen::0.063*1.46] sorted minimizers
[M::main::0.064*1.45] loaded/built the index for 1712 target sequence(s)
[M::mm_mapopt_update::0.064*1.45] mid_occ = 1000
[M::mm_idx_stat] kmer size: 21; skip: 11; is_hpc: 0; #seq: 1712
[M::mm_idx_stat::0.065*1.44] distinct minimizers: 6414 (47.68% are singletons); average occurrences: 27.933; average spacing: 6.281
[M::worker_pipeline::6.765*1.25] mapped 399820 sequences
[M::worker_pipeline::11.555*0.98] mapped 399760 sequences
[M::worker_pipeline::16.844*0.84] mapped 399966 sequences
[M::worker_pipeline::21.756*0.79] mapped 399748 sequences
[M::worker_pipeline::26.879*0.75] mapped 399824 sequences
[M::worker_pipeline::32.058*0.72] mapped 399804 sequences
[M::worker_pipeline::37.013*0.70] mapped 399760 sequences
[M::worker_pipeline::42.250*0.69] mapped 399916 sequences
[M::worker_pipeline::47.311*0.68] mapped 399764 sequences
[M::worker_pipeline::52.410*0.67] mapped 399774 sequences
[M::worker_pipeline::57.339*0.66] mapped 399768 sequences
[M::worker_pipeline::62.710*0.65] mapped 400150 sequences
[M::worker_pipeline::67.701*0.65] mapped 399924 sequences
[M::worker_pipeline::72.685*0.65] mapped 399854 sequences
[M::worker_pipeline::77.854*0.64] mapped 399864 sequences
[M::worker_pipeline::82.746*0.64] mapped 399740 sequences
[M::worker_pipeline::88.140*0.63] mapped 400030 sequences
[M::worker_pipeline::93.204*0.63] mapped 399822 sequences
[M::worker_pipeline::98.413*0.63] mapped 399954 sequences
[M::worker_pipeline::103.463*0.63] mapped 399742 sequences
[M::worker_pipeline::108.865*0.62] mapped 400146 sequences
[M::worker_pipeline::113.961*0.62] mapped 399894 sequences
[M::worker_pipeline::119.024*0.62] mapped 399908 sequences
[M::worker_pipeline::124.076*0.62] mapped 399834 sequences
[M::worker_pipeline::129.256*0.62] mapped 399834 sequences
[M::worker_pipeline::134.713*0.61] mapped 400066 sequences
[M::worker_pipeline::139.889*0.61] mapped 399930 sequences
[M::worker_pipeline::145.077*0.61] mapped 399922 sequences
[M::worker_pipeline::149.965*0.61] mapped 399786 sequences
[M::worker_pipeline::155.051*0.61] mapped 399818 sequences
[M::worker_pipeline::159.429*0.61] mapped 399714 sequences
[M::worker_pipeline::163.656*0.61] mapped 399676 sequences
[M::worker_pipeline::167.917*0.62] mapped 399616 sequences
[M::worker_pipeline::172.020*0.62] mapped 399564 sequences
[M::worker_pipeline::176.393*0.62] mapped 399616 sequences
[M::worker_pipeline::180.583*0.62] mapped 399600 sequences
[M::worker_pipeline::184.617*0.62] mapped 399516 sequences
[M::worker_pipeline::188.777*0.63] mapped 399620 sequences
[M::worker_pipeline::192.811*0.63] mapped 399516 sequences
[M::worker_pipeline::197.050*0.63] mapped 399582 sequences
[M::worker_pipeline::201.276*0.63] mapped 399630 sequences
[M::worker_pipeline::205.543*0.63] mapped 399676 sequences
[M::worker_pipeline::209.800*0.63] mapped 399630 sequences
[M::worker_pipeline::214.001*0.63] mapped 399606 sequences
[M::worker_pipeline::218.113*0.64] mapped 399598 sequences
[M::worker_pipeline::222.358*0.64] mapped 399582 sequences
[M::worker_pipeline::226.661*0.63] mapped 399618 sequences
[M::worker_pipeline::230.603*0.62] mapped 399516 sequences
[M::worker_pipeline::233.225*0.62] mapped 253582 sequences
[M::main] Version: 2.8-r711-dirty
[M::main] CMD: minimap2 -ax sr /gpfs/home/b042/greenland_2017/reference_seqs/Pardosa_spp_derep.fas Sample_PRO1747_PlateH_G10_R1_val_1.fq.gz Sample_PRO1747_PlateH_G10_R2_val_2.fq.gz
[M::main] Real time: 233.232 sec; CPU: 144.236 sec
[M::mm_idx_gen::0.050*1.02] collected minimizers
[M::mm_idx_gen::0.063*1.41] sorted minimizers
[M::main::0.064*1.39] loaded/built the index for 1712 target sequence(s)
[M::mm_mapopt_update::0.064*1.39] mid_occ = 1000
[M::mm_idx_stat] kmer size: 21; skip: 11; is_hpc: 0; #seq: 1712
[M::mm_idx_stat::0.065*1.38] distinct minimizers: 6414 (47.68% are singletons); average occurrences: 27.933; average spacing: 6.281
[M::worker_pipeline::6.624*1.29] mapped 399538 sequences
[M::worker_pipeline::11.494*0.99] mapped 399418 sequences
[M::worker_pipeline::16.754*0.86] mapped 399680 sequences
[M::worker_pipeline::21.728*0.80] mapped 399456 sequences
[M::worker_pipeline::26.841*0.75] mapped 399544 sequences
[M::worker_pipeline::31.803*0.73] mapped 399432 sequences
[M::worker_pipeline::37.011*0.71] mapped 399528 sequences
[M::worker_pipeline::42.129*0.69] mapped 399508 sequences
[M::worker_pipeline::47.351*0.68] mapped 399562 sequences
[M::worker_pipeline::52.495*0.67] mapped 399484 sequences
[M::worker_pipeline::57.456*0.66] mapped 399444 sequences
[M::worker_pipeline::62.439*0.66] mapped 399620 sequences
[M::worker_pipeline::67.627*0.65] mapped 399736 sequences
[M::worker_pipeline::72.713*0.65] mapped 399628 sequences
[M::worker_pipeline::77.743*0.64] mapped 399542 sequences
[M::worker_pipeline::82.940*0.64] mapped 399584 sequences
[M::worker_pipeline::87.995*0.64] mapped 399444 sequences
[M::worker_pipeline::93.423*0.63] mapped 399804 sequences
[M::worker_pipeline::98.472*0.63] mapped 399554 sequences
[M::worker_pipeline::103.777*0.62] mapped 399622 sequences
[M::worker_pipeline::108.958*0.62] mapped 399566 sequences
[M::worker_pipeline::114.288*0.62] mapped 399764 sequences
[M::worker_pipeline::119.488*0.62] mapped 399694 sequences
[M::worker_pipeline::124.768*0.62] mapped 399676 sequences
[M::worker_pipeline::129.672*0.62] mapped 399548 sequences
[M::worker_pipeline::134.950*0.61] mapped 399622 sequences
[M::worker_pipeline::140.020*0.61] mapped 399554 sequences
[M::worker_pipeline::145.466*0.61] mapped 399810 sequences
[M::worker_pipeline::150.705*0.61] mapped 399642 sequences
[M::worker_pipeline::155.768*0.61] mapped 399550 sequences
[M::worker_pipeline::160.712*0.61] mapped 399456 sequences
[M::worker_pipeline::165.882*0.61] mapped 399586 sequences
[M::worker_pipeline::170.218*0.61] mapped 399302 sequences
[M::worker_pipeline::174.623*0.61] mapped 399380 sequences
[M::worker_pipeline::178.995*0.61] mapped 399320 sequences
[M::worker_pipeline::183.188*0.61] mapped 399294 sequences
[M::worker_pipeline::187.426*0.61] mapped 399238 sequences
[M::worker_pipeline::191.765*0.62] mapped 399224 sequences
[M::worker_pipeline::196.076*0.62] mapped 399238 sequences
[M::worker_pipeline::200.278*0.62] mapped 399326 sequences
[M::worker_pipeline::204.454*0.62] mapped 399234 sequences
[M::worker_pipeline::208.500*0.62] mapped 399216 sequences
[M::worker_pipeline::212.796*0.62] mapped 399190 sequences
[M::worker_pipeline::217.131*0.62] mapped 399312 sequences
[M::worker_pipeline::221.389*0.63] mapped 399366 sequences
[M::worker_pipeline::225.593*0.63] mapped 399272 sequences
[M::worker_pipeline::229.938*0.63] mapped 399300 sequences
[M::worker_pipeline::234.040*0.63] mapped 399234 sequences
[M::worker_pipeline::238.486*0.63] mapped 399288 sequences
[M::worker_pipeline::242.843*0.63] mapped 399350 sequences
[M::worker_pipeline::247.077*0.63] mapped 399294 sequences
[M::worker_pipeline::251.131*0.62] mapped 399166 sequences
[M::worker_pipeline::253.452*0.62] mapped 217540 sequences
[M::main] Version: 2.8-r711-dirty
[M::main] CMD: minimap2 -ax sr /gpfs/home/b042/greenland_2017/reference_seqs/Pardosa_spp_derep.fas Sample_PRO1747_PlateH_G11_R1_val_1.fq.gz Sample_PRO1747_PlateH_G11_R2_val_2.fq.gz
[M::main] Real time: 253.458 sec; CPU: 155.904 sec
[M::mm_idx_gen::0.050*1.02] collected minimizers
[M::mm_idx_gen::0.063*1.40] sorted minimizers
[M::main::0.064*1.38] loaded/built the index for 1712 target sequence(s)
[M::mm_mapopt_update::0.065*1.38] mid_occ = 1000
[M::mm_idx_stat] kmer size: 21; skip: 11; is_hpc: 0; #seq: 1712
[M::mm_idx_stat::0.066*1.37] distinct minimizers: 6414 (47.68% are singletons); average occurrences: 27.933; average spacing: 6.281
[M::worker_pipeline::6.321*1.34] mapped 399466 sequences
[M::worker_pipeline::11.061*1.03] mapped 399540 sequences
[M::worker_pipeline::15.721*0.92] mapped 399456 sequences
[M::worker_pipeline::20.527*0.85] mapped 399466 sequences
[M::worker_pipeline::25.394*0.81] mapped 399504 sequences
[M::worker_pipeline::30.358*0.78] mapped 399516 sequences
[M::worker_pipeline::35.178*0.75] mapped 399454 sequences
[M::worker_pipeline::39.653*0.74] mapped 399414 sequences
[M::worker_pipeline::44.470*0.73] mapped 399666 sequences
[M::worker_pipeline::49.375*0.72] mapped 399558 sequences
[M::worker_pipeline::54.243*0.71] mapped 399498 sequences
[M::worker_pipeline::58.935*0.70] mapped 399508 sequences
[M::worker_pipeline::63.770*0.70] mapped 399552 sequences
[M::worker_pipeline::68.827*0.69] mapped 399586 sequences
[M::worker_pipeline::73.559*0.69] mapped 399546 sequences
[M::worker_pipeline::78.304*0.69] mapped 399616 sequences
[M::worker_pipeline::83.018*0.68] mapped 399574 sequences
[M::worker_pipeline::87.842*0.68] mapped 399510 sequences
[M::worker_pipeline::92.757*0.68] mapped 399622 sequences
[M::worker_pipeline::97.651*0.67] mapped 399576 sequences
[M::worker_pipeline::102.294*0.67] mapped 399486 sequences
[M::worker_pipeline::106.986*0.67] mapped 399524 sequences
[M::worker_pipeline::111.020*0.67] mapped 399432 sequences
[M::worker_pipeline::115.190*0.67] mapped 399544 sequences
[M::worker_pipeline::119.234*0.68] mapped 399424 sequences
[M::worker_pipeline::123.407*0.68] mapped 399434 sequences
[M::worker_pipeline::127.477*0.68] mapped 399374 sequences
[M::worker_pipeline::131.496*0.68] mapped 399440 sequences
[M::worker_pipeline::135.580*0.68] mapped 399466 sequences
[M::worker_pipeline::139.775*0.68] mapped 399450 sequences
[M::worker_pipeline::143.913*0.68] mapped 399478 sequences
[M::worker_pipeline::148.091*0.68] mapped 399478 sequences
[M::worker_pipeline::152.161*0.69] mapped 399424 sequences
[M::worker_pipeline::156.186*0.69] mapped 399384 sequences
[M::worker_pipeline::160.475*0.68] mapped 399482 sequences
[M::worker_pipeline::164.491*0.66] mapped 399348 sequences
[M::worker_pipeline::165.446*0.66] mapped 95576 sequences
[M::main] Version: 2.8-r711-dirty
[M::main] CMD: minimap2 -ax sr /gpfs/home/b042/greenland_2017/reference_seqs/Pardosa_spp_derep.fas Sample_PRO1747_PlateH_G3_R1_val_1.fq.gz Sample_PRO1747_PlateH_G3_R2_val_2.fq.gz
[M::main] Real time: 165.450 sec; CPU: 108.871 sec
[M::mm_idx_gen::0.049*1.02] collected minimizers
[M::mm_idx_gen::0.060*1.38] sorted minimizers
[M::main::0.061*1.35] loaded/built the index for 1712 target sequence(s)
[M::mm_mapopt_update::0.061*1.35] mid_occ = 1000
[M::mm_idx_stat] kmer size: 21; skip: 11; is_hpc: 0; #seq: 1712
[M::mm_idx_stat::0.062*1.35] distinct minimizers: 6414 (47.68% are singletons); average occurrences: 27.933; average spacing: 6.281
[M::worker_pipeline::6.034*1.49] mapped 399762 sequences
[M::worker_pipeline::10.529*1.14] mapped 399794 sequences
[M::worker_pipeline::15.163*1.00] mapped 399790 sequences
[M::worker_pipeline::19.819*0.93] mapped 399728 sequences
[M::worker_pipeline::24.567*0.87] mapped 399702 sequences
[M::worker_pipeline::29.193*0.84] mapped 399748 sequences
[M::worker_pipeline::33.809*0.82] mapped 399918 sequences
[M::worker_pipeline::38.355*0.80] mapped 399808 sequences
[M::worker_pipeline::43.125*0.79] mapped 399826 sequences
[M::worker_pipeline::47.738*0.78] mapped 399808 sequences
[M::worker_pipeline::52.415*0.77] mapped 399770 sequences
[M::worker_pipeline::57.227*0.76] mapped 399976 sequences
[M::worker_pipeline::61.749*0.75] mapped 399830 sequences
[M::worker_pipeline::66.430*0.74] mapped 399836 sequences
[M::worker_pipeline::71.215*0.74] mapped 399858 sequences
[M::worker_pipeline::75.638*0.73] mapped 399728 sequences
[M::worker_pipeline::79.794*0.73] mapped 399698 sequences
[M::worker_pipeline::83.706*0.74] mapped 399656 sequences
[M::worker_pipeline::87.546*0.74] mapped 399594 sequences
[M::worker_pipeline::91.413*0.74] mapped 399552 sequences
[M::worker_pipeline::95.289*0.74] mapped 399648 sequences
[M::worker_pipeline::99.156*0.75] mapped 399584 sequences
[M::worker_pipeline::103.030*0.75] mapped 399698 sequences
[M::worker_pipeline::106.924*0.75] mapped 399658 sequences
[M::worker_pipeline::110.768*0.75] mapped 399576 sequences
[M::worker_pipeline::114.676*0.72] mapped 399630 sequences
[M::worker_pipeline::117.305*0.71] mapped 282082 sequences
[M::main] Version: 2.8-r711-dirty
[M::main] CMD: minimap2 -ax sr /gpfs/home/b042/greenland_2017/reference_seqs/Pardosa_spp_derep.fas Sample_PRO1747_PlateH_G6_R1_val_1.fq.gz Sample_PRO1747_PlateH_G6_R2_val_2.fq.gz
[M::main] Real time: 117.311 sec; CPU: 83.319 sec
mv: cannot move `folderlist.txt' to `spp/': Not a directory
