[M::mm_idx_gen::0.052*0.97] collected minimizers
[M::mm_idx_gen::0.064*1.36] sorted minimizers
[M::main::0.065*1.34] loaded/built the index for 1712 target sequence(s)
[M::mm_mapopt_update::0.065*1.34] mid_occ = 1000
[M::mm_idx_stat] kmer size: 21; skip: 11; is_hpc: 0; #seq: 1712
[M::mm_idx_stat::0.066*1.33] distinct minimizers: 6414 (47.68% are singletons); average occurrences: 27.933; average spacing: 6.281
[M::worker_pipeline::6.839*1.25] mapped 399374 sequences
[M::worker_pipeline::12.061*0.95] mapped 399344 sequences
[M::worker_pipeline::17.566*0.83] mapped 399476 sequences
[M::worker_pipeline::22.865*0.77] mapped 399388 sequences
[M::worker_pipeline::28.043*0.73] mapped 399276 sequences
[M::worker_pipeline::33.568*0.70] mapped 399376 sequences
[M::worker_pipeline::38.986*0.68] mapped 399440 sequences
[M::worker_pipeline::44.228*0.67] mapped 399322 sequences
[M::worker_pipeline::49.671*0.65] mapped 399314 sequences
[M::worker_pipeline::54.673*0.65] mapped 399364 sequences
[M::worker_pipeline::60.174*0.64] mapped 399612 sequences
[M::worker_pipeline::65.657*0.63] mapped 399500 sequences
[M::worker_pipeline::70.711*0.63] mapped 399362 sequences
[M::worker_pipeline::76.058*0.63] mapped 399396 sequences
[M::worker_pipeline::81.603*0.62] mapped 399538 sequences
[M::worker_pipeline::87.029*0.62] mapped 399446 sequences
[M::worker_pipeline::92.478*0.61] mapped 399450 sequences
[M::worker_pipeline::97.704*0.61] mapped 399336 sequences
[M::worker_pipeline::103.415*0.61] mapped 399616 sequences
[M::worker_pipeline::108.792*0.60] mapped 399524 sequences
[M::worker_pipeline::114.008*0.60] mapped 399406 sequences
[M::worker_pipeline::119.578*0.60] mapped 399436 sequences
[M::worker_pipeline::125.207*0.60] mapped 399586 sequences
[M::worker_pipeline::130.722*0.60] mapped 399500 sequences
[M::worker_pipeline::135.913*0.60] mapped 399402 sequences
[M::worker_pipeline::141.025*0.59] mapped 399318 sequences
[M::worker_pipeline::146.001*0.59] mapped 399344 sequences
[M::worker_pipeline::150.342*0.60] mapped 399100 sequences
[M::worker_pipeline::154.963*0.60] mapped 399240 sequences
[M::worker_pipeline::159.475*0.60] mapped 399152 sequences
[M::worker_pipeline::163.933*0.60] mapped 399088 sequences
[M::worker_pipeline::168.501*0.60] mapped 399130 sequences
[M::worker_pipeline::172.872*0.61] mapped 399060 sequences
[M::worker_pipeline::177.205*0.61] mapped 399114 sequences
[M::worker_pipeline::181.545*0.61] mapped 399148 sequences
[M::worker_pipeline::185.767*0.61] mapped 399062 sequences
[M::worker_pipeline::190.079*0.61] mapped 399128 sequences
[M::worker_pipeline::194.636*0.61] mapped 399182 sequences
[M::worker_pipeline::199.100*0.62] mapped 399196 sequences
[M::worker_pipeline::203.438*0.62] mapped 399144 sequences
[M::worker_pipeline::207.835*0.62] mapped 399186 sequences
[M::worker_pipeline::212.027*0.62] mapped 399080 sequences
[M::worker_pipeline::216.424*0.62] mapped 399118 sequences
[M::worker_pipeline::220.962*0.62] mapped 399184 sequences
[M::worker_pipeline::225.273*0.61] mapped 399112 sequences
[M::worker_pipeline::229.520*0.60] mapped 399104 sequences
[M::worker_pipeline::230.343*0.60] mapped 77054 sequences
[M::main] Version: 2.8-r711-dirty
[M::main] CMD: minimap2 -ax sr /gpfs/home/b042/greenland_2017/reference_seqs/Pardosa_spp_derep.fas Sample_PRO1747_PlateH_B1_R1_val_1.fq.gz Sample_PRO1747_PlateH_B1_R2_val_2.fq.gz
[M::main] Real time: 230.347 sec; CPU: 138.906 sec
[M::mm_idx_gen::0.047*1.02] collected minimizers
[M::mm_idx_gen::0.060*1.43] sorted minimizers
[M::main::0.061*1.42] loaded/built the index for 1712 target sequence(s)
[M::mm_mapopt_update::0.061*1.42] mid_occ = 1000
[M::mm_idx_stat] kmer size: 21; skip: 11; is_hpc: 0; #seq: 1712
[M::mm_idx_stat::0.062*1.41] distinct minimizers: 6414 (47.68% are singletons); average occurrences: 27.933; average spacing: 6.281
[M::worker_pipeline::5.943*1.41] mapped 399560 sequences
[M::worker_pipeline::10.289*1.10] mapped 399544 sequences
[M::worker_pipeline::14.610*0.98] mapped 399522 sequences
[M::worker_pipeline::19.222*0.90] mapped 399660 sequences
[M::worker_pipeline::23.635*0.86] mapped 399502 sequences
[M::worker_pipeline::28.256*0.82] mapped 399638 sequences
[M::worker_pipeline::32.771*0.80] mapped 399516 sequences
[M::worker_pipeline::37.448*0.78] mapped 399596 sequences
[M::worker_pipeline::41.913*0.77] mapped 399478 sequences
[M::worker_pipeline::46.539*0.76] mapped 399652 sequences
[M::worker_pipeline::50.999*0.75] mapped 399512 sequences
[M::worker_pipeline::55.591*0.74] mapped 399542 sequences
[M::worker_pipeline::60.075*0.74] mapped 399482 sequences
[M::worker_pipeline::64.280*0.73] mapped 399500 sequences
[M::worker_pipeline::68.971*0.73] mapped 399824 sequences
[M::worker_pipeline::73.208*0.73] mapped 399586 sequences
[M::worker_pipeline::77.805*0.72] mapped 399668 sequences
[M::worker_pipeline::82.131*0.72] mapped 399546 sequences
[M::worker_pipeline::86.814*0.72] mapped 399652 sequences
[M::worker_pipeline::91.183*0.72] mapped 399568 sequences
[M::worker_pipeline::95.882*0.71] mapped 399694 sequences
[M::worker_pipeline::100.418*0.71] mapped 399592 sequences
[M::worker_pipeline::104.894*0.71] mapped 399622 sequences
[M::worker_pipeline::109.524*0.70] mapped 399636 sequences
[M::worker_pipeline::114.027*0.70] mapped 399604 sequences
[M::worker_pipeline::118.414*0.70] mapped 399582 sequences
[M::worker_pipeline::123.162*0.70] mapped 399854 sequences
[M::worker_pipeline::127.421*0.70] mapped 399568 sequences
[M::worker_pipeline::132.020*0.70] mapped 399738 sequences
[M::worker_pipeline::136.406*0.69] mapped 399536 sequences
[M::worker_pipeline::141.000*0.69] mapped 399676 sequences
[M::worker_pipeline::145.321*0.69] mapped 399486 sequences
[M::worker_pipeline::150.142*0.69] mapped 399740 sequences
[M::worker_pipeline::154.603*0.69] mapped 399650 sequences
[M::worker_pipeline::159.144*0.69] mapped 399662 sequences
[M::worker_pipeline::163.558*0.69] mapped 399590 sequences
[M::worker_pipeline::167.852*0.69] mapped 399524 sequences
[M::worker_pipeline::172.178*0.69] mapped 399562 sequences
[M::worker_pipeline::176.461*0.69] mapped 399582 sequences
[M::worker_pipeline::180.148*0.69] mapped 399310 sequences
[M::worker_pipeline::184.026*0.69] mapped 399516 sequences
[M::worker_pipeline::187.891*0.69] mapped 399374 sequences
[M::worker_pipeline::191.667*0.70] mapped 399346 sequences
[M::worker_pipeline::195.443*0.70] mapped 399326 sequences
[M::worker_pipeline::199.216*0.70] mapped 399346 sequences
[M::worker_pipeline::202.998*0.70] mapped 399354 sequences
[M::worker_pipeline::206.706*0.70] mapped 399302 sequences
[M::worker_pipeline::210.455*0.70] mapped 399376 sequences
[M::worker_pipeline::214.176*0.71] mapped 399352 sequences
[M::worker_pipeline::217.970*0.71] mapped 399378 sequences
[M::worker_pipeline::221.736*0.71] mapped 399402 sequences
[M::worker_pipeline::225.480*0.71] mapped 399334 sequences
[M::worker_pipeline::229.440*0.71] mapped 399474 sequences
[M::worker_pipeline::233.322*0.71] mapped 399354 sequences
[M::worker_pipeline::237.189*0.71] mapped 399352 sequences
[M::worker_pipeline::240.961*0.71] mapped 399400 sequences
[M::worker_pipeline::244.911*0.71] mapped 399380 sequences
[M::worker_pipeline::248.841*0.71] mapped 399366 sequences
[M::worker_pipeline::252.592*0.71] mapped 399366 sequences
[M::worker_pipeline::256.331*0.71] mapped 399362 sequences
[M::worker_pipeline::260.191*0.70] mapped 399370 sequences
[M::worker_pipeline::261.513*0.70] mapped 139906 sequences
[M::main] Version: 2.8-r711-dirty
[M::main] CMD: minimap2 -ax sr /gpfs/home/b042/greenland_2017/reference_seqs/Pardosa_spp_derep.fas Sample_PRO1747_PlateH_B3_R1_val_1.fq.gz Sample_PRO1747_PlateH_B3_R2_val_2.fq.gz
[M::main] Real time: 261.518 sec; CPU: 182.339 sec
[M::mm_idx_gen::0.046*1.02] collected minimizers
[M::mm_idx_gen::0.059*1.42] sorted minimizers
[M::main::0.060*1.40] loaded/built the index for 1712 target sequence(s)
[M::mm_mapopt_update::0.060*1.40] mid_occ = 1000
[M::mm_idx_stat] kmer size: 21; skip: 11; is_hpc: 0; #seq: 1712
[M::mm_idx_stat::0.061*1.39] distinct minimizers: 6414 (47.68% are singletons); average occurrences: 27.933; average spacing: 6.281
[M::worker_pipeline::6.274*1.37] mapped 399306 sequences
[M::worker_pipeline::10.918*1.06] mapped 399262 sequences
[M::worker_pipeline::15.542*0.94] mapped 399222 sequences
[M::worker_pipeline::20.377*0.86] mapped 399426 sequences
[M::worker_pipeline::24.909*0.83] mapped 399230 sequences
[M::worker_pipeline::29.512*0.80] mapped 399256 sequences
[M::worker_pipeline::34.329*0.78] mapped 399362 sequences
[M::worker_pipeline::38.882*0.77] mapped 399184 sequences
[M::worker_pipeline::43.724*0.75] mapped 399326 sequences
[M::worker_pipeline::48.419*0.74] mapped 399214 sequences
[M::worker_pipeline::53.106*0.73] mapped 399232 sequences
[M::worker_pipeline::58.148*0.72] mapped 399386 sequences
[M::worker_pipeline::62.868*0.72] mapped 399186 sequences
[M::worker_pipeline::67.680*0.71] mapped 399220 sequences
[M::worker_pipeline::72.465*0.70] mapped 399236 sequences
[M::worker_pipeline::77.094*0.70] mapped 399250 sequences
[M::worker_pipeline::81.963*0.69] mapped 399420 sequences
[M::worker_pipeline::86.862*0.69] mapped 399496 sequences
[M::worker_pipeline::91.354*0.69] mapped 399304 sequences
[M::worker_pipeline::96.167*0.69] mapped 399448 sequences
[M::worker_pipeline::100.779*0.68] mapped 399304 sequences
[M::worker_pipeline::105.540*0.68] mapped 399322 sequences
[M::worker_pipeline::110.362*0.68] mapped 399322 sequences
[M::worker_pipeline::114.937*0.68] mapped 399230 sequences
[M::worker_pipeline::120.080*0.68] mapped 399478 sequences
[M::worker_pipeline::124.955*0.67] mapped 399312 sequences
[M::worker_pipeline::129.741*0.67] mapped 399310 sequences
[M::worker_pipeline::134.499*0.67] mapped 399376 sequences
[M::worker_pipeline::139.443*0.67] mapped 399394 sequences
[M::worker_pipeline::143.949*0.67] mapped 399206 sequences
[M::worker_pipeline::148.903*0.67] mapped 399552 sequences
[M::worker_pipeline::153.625*0.67] mapped 399440 sequences
[M::worker_pipeline::158.185*0.67] mapped 399328 sequences
[M::worker_pipeline::163.214*0.66] mapped 399476 sequences
[M::worker_pipeline::167.835*0.66] mapped 399290 sequences
[M::worker_pipeline::172.702*0.66] mapped 399366 sequences
[M::worker_pipeline::177.604*0.66] mapped 399278 sequences
[M::worker_pipeline::182.385*0.66] mapped 399226 sequences
[M::worker_pipeline::187.552*0.66] mapped 399590 sequences
[M::worker_pipeline::192.411*0.66] mapped 399376 sequences
[M::worker_pipeline::197.404*0.65] mapped 399382 sequences
[M::worker_pipeline::202.155*0.65] mapped 399344 sequences
[M::worker_pipeline::206.708*0.65] mapped 399288 sequences
[M::worker_pipeline::211.384*0.65] mapped 399222 sequences
[M::worker_pipeline::216.188*0.65] mapped 399352 sequences
[M::worker_pipeline::220.649*0.65] mapped 399242 sequences
[M::worker_pipeline::224.478*0.66] mapped 398934 sequences
[M::worker_pipeline::228.606*0.66] mapped 399178 sequences
[M::worker_pipeline::232.699*0.66] mapped 398978 sequences
[M::worker_pipeline::236.706*0.66] mapped 399072 sequences
[M::worker_pipeline::240.666*0.66] mapped 398996 sequences
[M::worker_pipeline::244.778*0.66] mapped 398964 sequences
[M::worker_pipeline::248.801*0.66] mapped 399018 sequences
[M::worker_pipeline::252.801*0.66] mapped 398996 sequences
[M::worker_pipeline::256.769*0.67] mapped 398938 sequences
[M::worker_pipeline::260.757*0.67] mapped 399028 sequences
[M::worker_pipeline::264.742*0.67] mapped 399042 sequences
[M::worker_pipeline::268.798*0.67] mapped 399026 sequences
[M::worker_pipeline::272.748*0.67] mapped 398976 sequences
[M::worker_pipeline::276.707*0.67] mapped 399002 sequences
[M::worker_pipeline::280.840*0.67] mapped 399060 sequences
[M::worker_pipeline::284.768*0.68] mapped 398946 sequences
[M::worker_pipeline::288.922*0.68] mapped 399126 sequences
[M::worker_pipeline::292.984*0.68] mapped 399006 sequences
[M::worker_pipeline::297.111*0.68] mapped 399160 sequences
[M::worker_pipeline::301.058*0.68] mapped 399020 sequences
[M::worker_pipeline::305.082*0.68] mapped 399018 sequences
[M::worker_pipeline::309.036*0.68] mapped 399024 sequences
[M::worker_pipeline::312.929*0.68] mapped 398974 sequences
[M::worker_pipeline::317.196*0.68] mapped 399112 sequences
[M::worker_pipeline::321.237*0.68] mapped 399050 sequences
[M::worker_pipeline::325.178*0.68] mapped 398932 sequences
[M::worker_pipeline::329.070*0.67] mapped 399006 sequences
[M::worker_pipeline::331.540*0.67] mapped 249356 sequences
[M::main] Version: 2.8-r711-dirty
[M::main] CMD: minimap2 -ax sr /gpfs/home/b042/greenland_2017/reference_seqs/Pardosa_spp_derep.fas Sample_PRO1747_PlateH_B5_R1_val_1.fq.gz Sample_PRO1747_PlateH_B5_R2_val_2.fq.gz
[M::main] Real time: 331.548 sec; CPU: 222.048 sec
[M::mm_idx_gen::0.049*1.00] collected minimizers
[M::mm_idx_gen::0.063*1.41] sorted minimizers
[M::main::0.064*1.40] loaded/built the index for 1712 target sequence(s)
[M::mm_mapopt_update::0.064*1.40] mid_occ = 1000
[M::mm_idx_stat] kmer size: 21; skip: 11; is_hpc: 0; #seq: 1712
[M::mm_idx_stat::0.065*1.39] distinct minimizers: 6414 (47.68% are singletons); average occurrences: 27.933; average spacing: 6.281
[M::worker_pipeline::6.356*1.32] mapped 399200 sequences
[M::worker_pipeline::11.074*1.03] mapped 399118 sequences
[M::worker_pipeline::15.919*0.91] mapped 399220 sequences
[M::worker_pipeline::20.704*0.84] mapped 399200 sequences
[M::worker_pipeline::25.505*0.80] mapped 399096 sequences
[M::worker_pipeline::30.415*0.77] mapped 399218 sequences
[M::worker_pipeline::35.049*0.75] mapped 399068 sequences
[M::worker_pipeline::39.948*0.73] mapped 399216 sequences
[M::worker_pipeline::44.634*0.72] mapped 399088 sequences
[M::worker_pipeline::49.611*0.71] mapped 399270 sequences
[M::worker_pipeline::54.257*0.71] mapped 399044 sequences
[M::worker_pipeline::59.138*0.70] mapped 399132 sequences
[M::worker_pipeline::63.654*0.70] mapped 399046 sequences
[M::worker_pipeline::68.696*0.69] mapped 399320 sequences
[M::worker_pipeline::73.448*0.68] mapped 399286 sequences
[M::worker_pipeline::78.243*0.68] mapped 399238 sequences
[M::worker_pipeline::83.160*0.68] mapped 399226 sequences
[M::worker_pipeline::87.930*0.67] mapped 399184 sequences
[M::worker_pipeline::92.718*0.67] mapped 399186 sequences
[M::worker_pipeline::97.629*0.67] mapped 399168 sequences
[M::worker_pipeline::102.674*0.66] mapped 399346 sequences
[M::worker_pipeline::107.623*0.66] mapped 399212 sequences
[M::worker_pipeline::112.617*0.66] mapped 399244 sequences
[M::worker_pipeline::117.597*0.66] mapped 399194 sequences
[M::worker_pipeline::122.519*0.65] mapped 399228 sequences
[M::worker_pipeline::127.440*0.65] mapped 399418 sequences
[M::worker_pipeline::132.210*0.65] mapped 399250 sequences
[M::worker_pipeline::137.122*0.65] mapped 399298 sequences
[M::worker_pipeline::141.832*0.65] mapped 399158 sequences
[M::worker_pipeline::146.875*0.65] mapped 399262 sequences
[M::worker_pipeline::151.729*0.65] mapped 399166 sequences
[M::worker_pipeline::156.915*0.64] mapped 399448 sequences
[M::worker_pipeline::161.750*0.64] mapped 399202 sequences
[M::worker_pipeline::166.809*0.64] mapped 399348 sequences
[M::worker_pipeline::171.375*0.64] mapped 399110 sequences
[M::worker_pipeline::176.011*0.64] mapped 399084 sequences
[M::worker_pipeline::180.901*0.64] mapped 399296 sequences
[M::worker_pipeline::184.793*0.64] mapped 398820 sequences
[M::worker_pipeline::188.910*0.64] mapped 398952 sequences
[M::worker_pipeline::192.964*0.65] mapped 398876 sequences
[M::worker_pipeline::196.986*0.65] mapped 398828 sequences
[M::worker_pipeline::200.998*0.65] mapped 398826 sequences
[M::worker_pipeline::205.032*0.65] mapped 398856 sequences
[M::worker_pipeline::209.077*0.65] mapped 398856 sequences
[M::worker_pipeline::212.894*0.66] mapped 398762 sequences
[M::worker_pipeline::216.863*0.66] mapped 398876 sequences
[M::worker_pipeline::220.780*0.66] mapped 398836 sequences
[M::worker_pipeline::224.787*0.66] mapped 398878 sequences
[M::worker_pipeline::228.933*0.66] mapped 398848 sequences
[M::worker_pipeline::232.893*0.66] mapped 398832 sequences
[M::worker_pipeline::236.987*0.67] mapped 398978 sequences
[M::worker_pipeline::240.951*0.67] mapped 398850 sequences
[M::worker_pipeline::244.887*0.67] mapped 398852 sequences
[M::worker_pipeline::248.777*0.67] mapped 398840 sequences
[M::worker_pipeline::252.903*0.67] mapped 398866 sequences
[M::worker_pipeline::256.949*0.67] mapped 398898 sequences
[M::worker_pipeline::261.006*0.67] mapped 398884 sequences
[M::worker_pipeline::264.764*0.66] mapped 398720 sequences
[M::worker_pipeline::268.605*0.66] mapped 384662 sequences
[M::main] Version: 2.8-r711-dirty
[M::main] CMD: minimap2 -ax sr /gpfs/home/b042/greenland_2017/reference_seqs/Pardosa_spp_derep.fas Sample_PRO1747_PlateH_B6_R1_val_1.fq.gz Sample_PRO1747_PlateH_B6_R2_val_2.fq.gz
[M::main] Real time: 268.612 sec; CPU: 176.358 sec
[M::mm_idx_gen::0.050*1.02] collected minimizers
[M::mm_idx_gen::0.063*1.40] sorted minimizers
[M::main::0.064*1.37] loaded/built the index for 1712 target sequence(s)
[M::mm_mapopt_update::0.064*1.37] mid_occ = 1000
[M::mm_idx_stat] kmer size: 21; skip: 11; is_hpc: 0; #seq: 1712
[M::mm_idx_stat::0.065*1.37] distinct minimizers: 6414 (47.68% are singletons); average occurrences: 27.933; average spacing: 6.281
[M::worker_pipeline::5.995*1.39] mapped 399260 sequences
[M::worker_pipeline::10.454*1.07] mapped 399220 sequences
[M::worker_pipeline::14.864*0.96] mapped 399276 sequences
[M::worker_pipeline::19.294*0.89] mapped 399284 sequences
[M::worker_pipeline::23.645*0.86] mapped 399182 sequences
[M::worker_pipeline::28.198*0.82] mapped 399310 sequences
[M::worker_pipeline::32.681*0.80] mapped 399158 sequences
[M::worker_pipeline::37.208*0.78] mapped 399284 sequences
[M::worker_pipeline::41.590*0.77] mapped 399172 sequences
[M::worker_pipeline::46.301*0.76] mapped 399328 sequences
[M::worker_pipeline::50.649*0.75] mapped 399148 sequences
[M::worker_pipeline::55.215*0.74] mapped 399260 sequences
[M::worker_pipeline::59.513*0.74] mapped 399156 sequences
[M::worker_pipeline::63.931*0.73] mapped 399348 sequences
[M::worker_pipeline::68.419*0.73] mapped 399422 sequences
[M::worker_pipeline::72.859*0.72] mapped 399298 sequences
[M::worker_pipeline::77.342*0.72] mapped 399362 sequences
[M::worker_pipeline::81.708*0.72] mapped 399212 sequences
[M::worker_pipeline::86.279*0.72] mapped 399328 sequences
[M::worker_pipeline::90.642*0.71] mapped 399194 sequences
[M::worker_pipeline::95.375*0.71] mapped 399464 sequences
[M::worker_pipeline::99.761*0.71] mapped 399230 sequences
[M::worker_pipeline::104.391*0.71] mapped 399362 sequences
[M::worker_pipeline::109.001*0.70] mapped 399310 sequences
[M::worker_pipeline::113.370*0.70] mapped 399154 sequences
[M::worker_pipeline::118.196*0.70] mapped 399560 sequences
[M::worker_pipeline::122.545*0.70] mapped 399312 sequences
[M::worker_pipeline::127.096*0.70] mapped 399396 sequences
[M::worker_pipeline::131.596*0.70] mapped 399276 sequences
[M::worker_pipeline::136.180*0.70] mapped 399310 sequences
[M::worker_pipeline::140.716*0.69] mapped 399226 sequences
[M::worker_pipeline::145.341*0.69] mapped 399392 sequences
[M::worker_pipeline::149.883*0.69] mapped 399390 sequences
[M::worker_pipeline::154.445*0.69] mapped 399350 sequences
[M::worker_pipeline::158.914*0.69] mapped 399296 sequences
[M::worker_pipeline::163.248*0.69] mapped 399182 sequences
[M::worker_pipeline::167.585*0.69] mapped 399202 sequences
[M::worker_pipeline::171.891*0.69] mapped 399244 sequences
[M::worker_pipeline::175.780*0.69] mapped 398918 sequences
[M::worker_pipeline::179.586*0.69] mapped 399082 sequences
[M::worker_pipeline::183.395*0.69] mapped 399026 sequences
[M::worker_pipeline::187.179*0.70] mapped 398942 sequences
[M::worker_pipeline::190.963*0.70] mapped 398952 sequences
[M::worker_pipeline::194.698*0.70] mapped 398910 sequences
[M::worker_pipeline::198.448*0.70] mapped 398980 sequences
[M::worker_pipeline::202.196*0.70] mapped 399004 sequences
[M::worker_pipeline::205.918*0.71] mapped 398982 sequences
[M::worker_pipeline::209.611*0.71] mapped 398954 sequences
[M::worker_pipeline::213.465*0.71] mapped 399002 sequences
[M::worker_pipeline::217.350*0.71] mapped 399000 sequences
[M::worker_pipeline::221.220*0.71] mapped 398972 sequences
[M::worker_pipeline::224.977*0.71] mapped 399022 sequences
[M::worker_pipeline::228.793*0.71] mapped 399062 sequences
[M::worker_pipeline::232.617*0.71] mapped 398962 sequences
[M::worker_pipeline::236.333*0.71] mapped 398976 sequences
[M::worker_pipeline::240.066*0.71] mapped 398956 sequences
[M::worker_pipeline::243.898*0.72] mapped 399000 sequences
[M::worker_pipeline::247.694*0.71] mapped 398988 sequences
[M::worker_pipeline::251.293*0.70] mapped 398898 sequences
[M::worker_pipeline::253.572*0.70] mapped 240468 sequences
[M::main] Version: 2.8-r711-dirty
[M::main] CMD: minimap2 -ax sr /gpfs/home/b042/greenland_2017/reference_seqs/Pardosa_spp_derep.fas Sample_PRO1747_PlateH_B8_R1_val_1.fq.gz Sample_PRO1747_PlateH_B8_R2_val_2.fq.gz
[M::main] Real time: 253.578 sec; CPU: 177.129 sec
[M::mm_idx_gen::0.048*1.02] collected minimizers
[M::mm_idx_gen::0.061*1.42] sorted minimizers
[M::main::0.063*1.41] loaded/built the index for 1712 target sequence(s)
[M::mm_mapopt_update::0.063*1.41] mid_occ = 1000
[M::mm_idx_stat] kmer size: 21; skip: 11; is_hpc: 0; #seq: 1712
[M::mm_idx_stat::0.064*1.40] distinct minimizers: 6414 (47.68% are singletons); average occurrences: 27.933; average spacing: 6.281
[M::worker_pipeline::7.073*1.26] mapped 399370 sequences
[M::worker_pipeline::12.404*0.96] mapped 399302 sequences
[M::worker_pipeline::18.011*0.85] mapped 399428 sequences
[M::worker_pipeline::23.416*0.78] mapped 399372 sequences
[M::worker_pipeline::28.752*0.75] mapped 399240 sequences
[M::worker_pipeline::34.284*0.72] mapped 399376 sequences
[M::worker_pipeline::39.873*0.70] mapped 399374 sequences
[M::worker_pipeline::45.204*0.68] mapped 399248 sequences
[M::worker_pipeline::50.550*0.67] mapped 399286 sequences
[M::worker_pipeline::55.888*0.66] mapped 399444 sequences
[M::worker_pipeline::61.405*0.65] mapped 399476 sequences
[M::worker_pipeline::66.978*0.64] mapped 399488 sequences
[M::worker_pipeline::72.310*0.64] mapped 399326 sequences
[M::worker_pipeline::77.681*0.64] mapped 399304 sequences
[M::worker_pipeline::83.407*0.63] mapped 399512 sequences
[M::worker_pipeline::88.908*0.63] mapped 399418 sequences
[M::worker_pipeline::94.603*0.62] mapped 399434 sequences
[M::worker_pipeline::100.128*0.62] mapped 399434 sequences
[M::worker_pipeline::105.551*0.62] mapped 399476 sequences
[M::worker_pipeline::111.103*0.61] mapped 399490 sequences
[M::worker_pipeline::116.455*0.61] mapped 399378 sequences
[M::worker_pipeline::121.870*0.61] mapped 399336 sequences
[M::worker_pipeline::127.662*0.61] mapped 399572 sequences
[M::worker_pipeline::133.383*0.61] mapped 399458 sequences
[M::worker_pipeline::138.633*0.60] mapped 399352 sequences
[M::worker_pipeline::143.882*0.60] mapped 399286 sequences
[M::worker_pipeline::149.001*0.60] mapped 399330 sequences
[M::worker_pipeline::153.352*0.61] mapped 399014 sequences
[M::worker_pipeline::157.737*0.61] mapped 399200 sequences
[M::worker_pipeline::162.153*0.61] mapped 399070 sequences
[M::worker_pipeline::166.589*0.61] mapped 399048 sequences
[M::worker_pipeline::171.023*0.61] mapped 399048 sequences
[M::worker_pipeline::175.353*0.62] mapped 399018 sequences
[M::worker_pipeline::179.706*0.62] mapped 399160 sequences
[M::worker_pipeline::183.947*0.62] mapped 399046 sequences
[M::worker_pipeline::188.197*0.63] mapped 399058 sequences
[M::worker_pipeline::192.540*0.63] mapped 399090 sequences
[M::worker_pipeline::196.896*0.63] mapped 399110 sequences
[M::worker_pipeline::201.362*0.63] mapped 399112 sequences
[M::worker_pipeline::205.801*0.63] mapped 399162 sequences
[M::worker_pipeline::210.147*0.63] mapped 399090 sequences
[M::worker_pipeline::214.628*0.63] mapped 399044 sequences
[M::worker_pipeline::219.061*0.63] mapped 399090 sequences
[M::worker_pipeline::223.441*0.63] mapped 399104 sequences
[M::worker_pipeline::227.697*0.62] mapped 398942 sequences
[M::worker_pipeline::230.286*0.62] mapped 238440 sequences
[M::main] Version: 2.8-r711-dirty
[M::main] CMD: minimap2 -ax sr /gpfs/home/b042/greenland_2017/reference_seqs/Pardosa_spp_derep.fas Sample_PRO1747_PlateH_B9_R1_val_1.fq.gz Sample_PRO1747_PlateH_B9_R2_val_2.fq.gz
[M::main] Real time: 230.291 sec; CPU: 141.684 sec
[M::mm_idx_gen::0.051*1.03] collected minimizers
[M::mm_idx_gen::0.065*1.40] sorted minimizers
[M::main::0.066*1.39] loaded/built the index for 1712 target sequence(s)
[M::mm_mapopt_update::0.067*1.38] mid_occ = 1000
[M::mm_idx_stat] kmer size: 21; skip: 11; is_hpc: 0; #seq: 1712
[M::mm_idx_stat::0.068*1.37] distinct minimizers: 6414 (47.68% are singletons); average occurrences: 27.933; average spacing: 6.281
[M::worker_pipeline::6.672*1.32] mapped 399196 sequences
[M::worker_pipeline::11.442*1.03] mapped 399122 sequences
[M::worker_pipeline::16.621*0.90] mapped 399328 sequences
[M::worker_pipeline::21.570*0.84] mapped 399108 sequences
[M::worker_pipeline::26.581*0.80] mapped 399206 sequences
[M::worker_pipeline::31.423*0.78] mapped 399096 sequences
[M::worker_pipeline::36.502*0.76] mapped 399170 sequences
[M::worker_pipeline::41.599*0.74] mapped 399188 sequences
[M::worker_pipeline::46.604*0.73] mapped 399110 sequences
[M::worker_pipeline::51.689*0.72] mapped 399150 sequences
[M::worker_pipeline::56.443*0.71] mapped 399078 sequences
[M::worker_pipeline::61.645*0.71] mapped 399328 sequences
[M::worker_pipeline::66.542*0.70] mapped 399210 sequences
[M::worker_pipeline::71.696*0.69] mapped 399314 sequences
[M::worker_pipeline::76.413*0.69] mapped 399112 sequences
[M::worker_pipeline::81.668*0.69] mapped 399206 sequences
[M::worker_pipeline::86.652*0.68] mapped 399154 sequences
[M::worker_pipeline::91.863*0.68] mapped 399276 sequences
[M::worker_pipeline::96.874*0.68] mapped 399224 sequences
[M::worker_pipeline::102.100*0.67] mapped 399252 sequences
[M::worker_pipeline::107.027*0.67] mapped 399122 sequences
[M::worker_pipeline::112.281*0.67] mapped 399430 sequences
[M::worker_pipeline::117.303*0.66] mapped 399240 sequences
[M::worker_pipeline::122.259*0.66] mapped 399252 sequences
[M::worker_pipeline::127.343*0.66] mapped 399192 sequences
[M::worker_pipeline::132.342*0.66] mapped 399156 sequences
[M::worker_pipeline::137.794*0.66] mapped 399386 sequences
[M::worker_pipeline::142.980*0.66] mapped 399182 sequences
[M::worker_pipeline::148.144*0.66] mapped 399260 sequences
[M::worker_pipeline::152.997*0.66] mapped 399126 sequences
[M::worker_pipeline::158.045*0.65] mapped 399176 sequences
[M::worker_pipeline::162.433*0.66] mapped 399120 sequences
[M::worker_pipeline::166.609*0.66] mapped 399038 sequences
[M::worker_pipeline::170.757*0.66] mapped 398980 sequences
[M::worker_pipeline::174.805*0.66] mapped 398970 sequences
[M::worker_pipeline::178.936*0.66] mapped 398968 sequences
[M::worker_pipeline::183.164*0.67] mapped 398970 sequences
[M::worker_pipeline::187.306*0.67] mapped 398956 sequences
[M::worker_pipeline::191.368*0.67] mapped 398932 sequences
[M::worker_pipeline::195.371*0.67] mapped 398998 sequences
[M::worker_pipeline::199.361*0.67] mapped 398974 sequences
[M::worker_pipeline::203.581*0.67] mapped 398970 sequences
[M::worker_pipeline::207.831*0.68] mapped 399034 sequences
[M::worker_pipeline::212.010*0.68] mapped 398994 sequences
[M::worker_pipeline::216.258*0.68] mapped 399026 sequences
[M::worker_pipeline::220.367*0.68] mapped 399074 sequences
[M::worker_pipeline::224.528*0.68] mapped 398994 sequences
[M::worker_pipeline::228.756*0.68] mapped 399002 sequences
[M::worker_pipeline::232.906*0.68] mapped 399006 sequences
[M::worker_pipeline::237.195*0.68] mapped 398970 sequences
[M::worker_pipeline::241.251*0.67] mapped 398900 sequences
[M::worker_pipeline::245.247*0.67] mapped 394570 sequences
[M::main] Version: 2.8-r711-dirty
[M::main] CMD: minimap2 -ax sr /gpfs/home/b042/greenland_2017/reference_seqs/Pardosa_spp_derep.fas Sample_PRO1747_PlateH_C1_R1_val_1.fq.gz Sample_PRO1747_PlateH_C1_R2_val_2.fq.gz
[M::main] Real time: 245.254 sec; CPU: 163.223 sec
[M::mm_idx_gen::0.050*1.03] collected minimizers
[M::mm_idx_gen::0.064*1.42] sorted minimizers
[M::main::0.065*1.41] loaded/built the index for 1712 target sequence(s)
[M::mm_mapopt_update::0.065*1.41] mid_occ = 1000
[M::mm_idx_stat] kmer size: 21; skip: 11; is_hpc: 0; #seq: 1712
[M::mm_idx_stat::0.066*1.40] distinct minimizers: 6414 (47.68% are singletons); average occurrences: 27.933; average spacing: 6.281
[M::worker_pipeline::6.667*1.31] mapped 399120 sequences
[M::worker_pipeline::11.604*1.02] mapped 399046 sequences
[M::worker_pipeline::16.926*0.87] mapped 399262 sequences
[M::worker_pipeline::21.888*0.81] mapped 399052 sequences
[M::worker_pipeline::26.906*0.77] mapped 399148 sequences
[M::worker_pipeline::31.768*0.75] mapped 399032 sequences
[M::worker_pipeline::37.045*0.72] mapped 399172 sequences
[M::worker_pipeline::42.099*0.71] mapped 399110 sequences
[M::worker_pipeline::47.302*0.69] mapped 399186 sequences
[M::worker_pipeline::52.365*0.68] mapped 399098 sequences
[M::worker_pipeline::57.249*0.68] mapped 399042 sequences
[M::worker_pipeline::62.199*0.67] mapped 399188 sequences
[M::worker_pipeline::67.341*0.67] mapped 399342 sequences
[M::worker_pipeline::72.516*0.66] mapped 399218 sequences
[M::worker_pipeline::77.547*0.66] mapped 399152 sequences
[M::worker_pipeline::82.791*0.65] mapped 399170 sequences
[M::worker_pipeline::87.784*0.65] mapped 399046 sequences
[M::worker_pipeline::93.291*0.64] mapped 399352 sequences
[M::worker_pipeline::98.379*0.64] mapped 399112 sequences
[M::worker_pipeline::103.719*0.64] mapped 399216 sequences
[M::worker_pipeline::108.901*0.63] mapped 399176 sequences
[M::worker_pipeline::114.289*0.63] mapped 399312 sequences
[M::worker_pipeline::119.522*0.63] mapped 399230 sequences
[M::worker_pipeline::124.712*0.63] mapped 399228 sequences
[M::worker_pipeline::129.553*0.63] mapped 399122 sequences
[M::worker_pipeline::134.848*0.63] mapped 399234 sequences
[M::worker_pipeline::139.841*0.62] mapped 399092 sequences
[M::worker_pipeline::145.395*0.62] mapped 399392 sequences
[M::worker_pipeline::150.586*0.62] mapped 399222 sequences
[M::worker_pipeline::155.781*0.62] mapped 399204 sequences
[M::worker_pipeline::160.660*0.62] mapped 399070 sequences
[M::worker_pipeline::165.739*0.62] mapped 399168 sequences
[M::worker_pipeline::170.214*0.62] mapped 398978 sequences
[M::worker_pipeline::174.484*0.62] mapped 398980 sequences
[M::worker_pipeline::178.803*0.62] mapped 398938 sequences
[M::worker_pipeline::183.008*0.63] mapped 398854 sequences
[M::worker_pipeline::187.333*0.63] mapped 398878 sequences
[M::worker_pipeline::191.727*0.63] mapped 398932 sequences
[M::worker_pipeline::196.012*0.63] mapped 398870 sequences
[M::worker_pipeline::200.219*0.63] mapped 398866 sequences
[M::worker_pipeline::204.477*0.63] mapped 398898 sequences
[M::worker_pipeline::208.702*0.64] mapped 398872 sequences
[M::worker_pipeline::212.941*0.64] mapped 398918 sequences
[M::worker_pipeline::217.270*0.64] mapped 398926 sequences
[M::worker_pipeline::221.529*0.64] mapped 398892 sequences
[M::worker_pipeline::225.817*0.64] mapped 398932 sequences
[M::worker_pipeline::230.143*0.64] mapped 398982 sequences
[M::worker_pipeline::234.401*0.64] mapped 398914 sequences
[M::worker_pipeline::238.648*0.64] mapped 398880 sequences
[M::worker_pipeline::242.963*0.64] mapped 398902 sequences
[M::worker_pipeline::247.384*0.64] mapped 398942 sequences
[M::worker_pipeline::251.630*0.64] mapped 398870 sequences
[M::worker_pipeline::255.924*0.63] mapped 398870 sequences
[M::worker_pipeline::256.678*0.63] mapped 68760 sequences
[M::main] Version: 2.8-r711-dirty
[M::main] CMD: minimap2 -ax sr /gpfs/home/b042/greenland_2017/reference_seqs/Pardosa_spp_derep.fas Sample_PRO1747_PlateH_C10_R1_val_1.fq.gz Sample_PRO1747_PlateH_C10_R2_val_2.fq.gz
[M::main] Real time: 256.682 sec; CPU: 160.912 sec
[M::mm_idx_gen::0.048*1.01] collected minimizers
[M::mm_idx_gen::0.062*1.42] sorted minimizers
[M::main::0.063*1.40] loaded/built the index for 1712 target sequence(s)
[M::mm_mapopt_update::0.063*1.40] mid_occ = 1000
[M::mm_idx_stat] kmer size: 21; skip: 11; is_hpc: 0; #seq: 1712
[M::mm_idx_stat::0.064*1.39] distinct minimizers: 6414 (47.68% are singletons); average occurrences: 27.933; average spacing: 6.281
[M::worker_pipeline::6.281*1.35] mapped 399392 sequences
[M::worker_pipeline::10.704*1.07] mapped 399328 sequences
[M::worker_pipeline::15.554*0.93] mapped 399474 sequences
[M::worker_pipeline::19.974*0.87] mapped 399306 sequences
[M::worker_pipeline::24.653*0.83] mapped 399414 sequences
[M::worker_pipeline::29.305*0.80] mapped 399262 sequences
[M::worker_pipeline::34.018*0.78] mapped 399388 sequences
[M::worker_pipeline::38.656*0.76] mapped 399284 sequences
[M::worker_pipeline::43.392*0.74] mapped 399424 sequences
[M::worker_pipeline::48.075*0.73] mapped 399290 sequences
[M::worker_pipeline::52.675*0.72] mapped 399340 sequences
[M::worker_pipeline::57.169*0.72] mapped 399260 sequences
[M::worker_pipeline::62.146*0.71] mapped 399624 sequences
[M::worker_pipeline::66.571*0.71] mapped 399318 sequences
[M::worker_pipeline::71.387*0.70] mapped 399486 sequences
[M::worker_pipeline::75.890*0.70] mapped 399384 sequences
[M::worker_pipeline::80.549*0.70] mapped 399380 sequences
[M::worker_pipeline::85.295*0.69] mapped 399400 sequences
[M::worker_pipeline::90.022*0.69] mapped 399452 sequences
[M::worker_pipeline::94.814*0.68] mapped 399406 sequences
[M::worker_pipeline::99.645*0.68] mapped 399450 sequences
[M::worker_pipeline::104.136*0.68] mapped 399282 sequences
[M::worker_pipeline::109.021*0.68] mapped 399654 sequences
[M::worker_pipeline::113.479*0.68] mapped 399388 sequences
[M::worker_pipeline::118.190*0.67] mapped 399530 sequences
[M::worker_pipeline::122.650*0.67] mapped 399382 sequences
[M::worker_pipeline::127.405*0.67] mapped 399438 sequences
[M::worker_pipeline::132.192*0.67] mapped 399430 sequences
[M::worker_pipeline::136.971*0.67] mapped 399522 sequences
[M::worker_pipeline::141.670*0.67] mapped 399450 sequences
[M::worker_pipeline::146.369*0.67] mapped 399412 sequences
[M::worker_pipeline::150.779*0.67] mapped 399332 sequences
[M::worker_pipeline::155.578*0.66] mapped 399422 sequences
[M::worker_pipeline::159.669*0.67] mapped 399198 sequences
[M::worker_pipeline::163.738*0.67] mapped 399230 sequences
[M::worker_pipeline::167.673*0.67] mapped 399166 sequences
[M::worker_pipeline::171.661*0.67] mapped 399142 sequences
[M::worker_pipeline::175.623*0.67] mapped 399114 sequences
[M::worker_pipeline::179.640*0.67] mapped 399118 sequences
[M::worker_pipeline::183.551*0.68] mapped 399066 sequences
[M::worker_pipeline::187.458*0.68] mapped 399176 sequences
[M::worker_pipeline::191.421*0.68] mapped 399132 sequences
[M::worker_pipeline::195.274*0.68] mapped 399142 sequences
[M::worker_pipeline::199.221*0.68] mapped 399124 sequences
[M::worker_pipeline::203.228*0.68] mapped 399140 sequences
[M::worker_pipeline::207.252*0.68] mapped 399228 sequences
[M::worker_pipeline::211.319*0.68] mapped 399186 sequences
[M::worker_pipeline::215.233*0.69] mapped 399130 sequences
[M::worker_pipeline::219.216*0.69] mapped 399142 sequences
[M::worker_pipeline::223.221*0.69] mapped 399142 sequences
[M::worker_pipeline::227.154*0.69] mapped 399144 sequences
[M::worker_pipeline::230.982*0.68] mapped 399128 sequences
[M::worker_pipeline::234.980*0.67] mapped 399154 sequences
[M::worker_pipeline::235.297*0.67] mapped 32798 sequences
[M::main] Version: 2.8-r711-dirty
[M::main] CMD: minimap2 -ax sr /gpfs/home/b042/greenland_2017/reference_seqs/Pardosa_spp_derep.fas Sample_PRO1747_PlateH_C11_R1_val_1.fq.gz Sample_PRO1747_PlateH_C11_R2_val_2.fq.gz
[M::main] Real time: 235.302 sec; CPU: 157.669 sec
[M::mm_idx_gen::0.049*1.03] collected minimizers
[M::mm_idx_gen::0.062*1.40] sorted minimizers
[M::main::0.063*1.38] loaded/built the index for 1712 target sequence(s)
[M::mm_mapopt_update::0.063*1.38] mid_occ = 1000
[M::mm_idx_stat] kmer size: 21; skip: 11; is_hpc: 0; #seq: 1712
[M::mm_idx_stat::0.064*1.39] distinct minimizers: 6414 (47.68% are singletons); average occurrences: 27.933; average spacing: 6.281
[M::worker_pipeline::7.067*1.20] mapped 399534 sequences
[M::worker_pipeline::12.371*0.93] mapped 399490 sequences
[M::worker_pipeline::17.822*0.81] mapped 399590 sequences
[M::worker_pipeline::23.067*0.76] mapped 399532 sequences
[M::worker_pipeline::28.228*0.73] mapped 399474 sequences
[M::worker_pipeline::33.758*0.70] mapped 399502 sequences
[M::worker_pipeline::39.158*0.68] mapped 399588 sequences
[M::worker_pipeline::44.439*0.67] mapped 399474 sequences
[M::worker_pipeline::49.802*0.66] mapped 399476 sequences
[M::worker_pipeline::54.861*0.65] mapped 399484 sequences
[M::worker_pipeline::60.449*0.64] mapped 399796 sequences
[M::worker_pipeline::65.819*0.63] mapped 399654 sequences
[M::worker_pipeline::70.977*0.63] mapped 399502 sequences
[M::worker_pipeline::76.463*0.63] mapped 399600 sequences
[M::worker_pipeline::81.950*0.62] mapped 399646 sequences
[M::worker_pipeline::87.435*0.62] mapped 399636 sequences
[M::worker_pipeline::93.017*0.61] mapped 399608 sequences
[M::worker_pipeline::98.329*0.61] mapped 399534 sequences
[M::worker_pipeline::104.029*0.61] mapped 399818 sequences
[M::worker_pipeline::109.530*0.60] mapped 399656 sequences
[M::worker_pipeline::114.735*0.60] mapped 399582 sequences
[M::worker_pipeline::120.340*0.60] mapped 399588 sequences
[M::worker_pipeline::125.877*0.60] mapped 399602 sequences
[M::worker_pipeline::131.492*0.59] mapped 399736 sequences
[M::worker_pipeline::137.114*0.59] mapped 399646 sequences
[M::worker_pipeline::142.374*0.59] mapped 399470 sequences
[M::worker_pipeline::147.661*0.59] mapped 399542 sequences
[M::worker_pipeline::152.196*0.59] mapped 399340 sequences
[M::worker_pipeline::156.708*0.59] mapped 399382 sequences
[M::worker_pipeline::161.182*0.60] mapped 399326 sequences
[M::worker_pipeline::165.572*0.60] mapped 399212 sequences
[M::worker_pipeline::169.939*0.60] mapped 399274 sequences
[M::worker_pipeline::174.293*0.60] mapped 399264 sequences
[M::worker_pipeline::178.390*0.61] mapped 399150 sequences
[M::worker_pipeline::182.802*0.61] mapped 399334 sequences
[M::worker_pipeline::186.996*0.61] mapped 399200 sequences
[M::worker_pipeline::191.317*0.61] mapped 399252 sequences
[M::worker_pipeline::195.744*0.61] mapped 399332 sequences
[M::worker_pipeline::200.128*0.62] mapped 399322 sequences
[M::worker_pipeline::204.466*0.62] mapped 399278 sequences
[M::worker_pipeline::208.810*0.62] mapped 399344 sequences
[M::worker_pipeline::212.974*0.62] mapped 399222 sequences
[M::worker_pipeline::217.370*0.62] mapped 399268 sequences
[M::worker_pipeline::221.981*0.62] mapped 399372 sequences
[M::worker_pipeline::226.210*0.61] mapped 399250 sequences
[M::worker_pipeline::230.430*0.60] mapped 399260 sequences
[M::worker_pipeline::230.636*0.60] mapped 18692 sequences
[M::main] Version: 2.8-r711-dirty
[M::main] CMD: minimap2 -ax sr /gpfs/home/b042/greenland_2017/reference_seqs/Pardosa_spp_derep.fas Sample_PRO1747_PlateH_C12_R1_val_1.fq.gz Sample_PRO1747_PlateH_C12_R2_val_2.fq.gz
[M::main] Real time: 230.642 sec; CPU: 139.292 sec
[M::mm_idx_gen::0.050*1.02] collected minimizers
[M::mm_idx_gen::0.064*1.43] sorted minimizers
[M::main::0.065*1.41] loaded/built the index for 1712 target sequence(s)
[M::mm_mapopt_update::0.065*1.41] mid_occ = 1000
[M::mm_idx_stat] kmer size: 21; skip: 11; is_hpc: 0; #seq: 1712
[M::mm_idx_stat::0.066*1.40] distinct minimizers: 6414 (47.68% are singletons); average occurrences: 27.933; average spacing: 6.281
[M::worker_pipeline::6.128*1.38] mapped 399278 sequences
[M::worker_pipeline::10.675*1.07] mapped 399208 sequences
[M::worker_pipeline::15.399*0.94] mapped 399342 sequences
[M::worker_pipeline::20.066*0.87] mapped 399284 sequences
[M::worker_pipeline::24.770*0.82] mapped 399260 sequences
[M::worker_pipeline::29.551*0.79] mapped 399234 sequences
[M::worker_pipeline::34.136*0.77] mapped 399244 sequences
[M::worker_pipeline::38.850*0.76] mapped 399258 sequences
[M::worker_pipeline::43.692*0.74] mapped 399296 sequences
[M::worker_pipeline::48.598*0.73] mapped 399278 sequences
[M::worker_pipeline::53.321*0.72] mapped 399200 sequences
[M::worker_pipeline::58.081*0.71] mapped 399208 sequences
[M::worker_pipeline::62.588*0.71] mapped 399242 sequences
[M::worker_pipeline::67.497*0.70] mapped 399548 sequences
[M::worker_pipeline::72.179*0.70] mapped 399314 sequences
[M::worker_pipeline::76.904*0.69] mapped 399374 sequences
[M::worker_pipeline::81.363*0.69] mapped 399258 sequences
[M::worker_pipeline::86.213*0.69] mapped 399302 sequences
[M::worker_pipeline::90.850*0.69] mapped 399234 sequences
[M::worker_pipeline::95.922*0.68] mapped 399456 sequences
[M::worker_pipeline::100.643*0.68] mapped 399338 sequences
[M::worker_pipeline::105.395*0.68] mapped 399346 sequences
[M::worker_pipeline::110.256*0.68] mapped 399354 sequences
[M::worker_pipeline::114.881*0.68] mapped 399196 sequences
[M::worker_pipeline::119.826*0.67] mapped 399524 sequences
[M::worker_pipeline::124.479*0.67] mapped 399376 sequences
[M::worker_pipeline::129.238*0.67] mapped 399394 sequences
[M::worker_pipeline::133.741*0.67] mapped 399286 sequences
[M::worker_pipeline::138.569*0.67] mapped 399368 sequences
[M::worker_pipeline::143.194*0.67] mapped 399256 sequences
[M::worker_pipeline::148.216*0.67] mapped 399484 sequences
[M::worker_pipeline::153.012*0.67] mapped 399352 sequences
[M::worker_pipeline::157.915*0.66] mapped 399378 sequences
[M::worker_pipeline::162.420*0.66] mapped 399282 sequences
[M::worker_pipeline::167.016*0.66] mapped 399228 sequences
[M::worker_pipeline::171.725*0.66] mapped 399356 sequences
[M::worker_pipeline::175.803*0.66] mapped 399100 sequences
[M::worker_pipeline::179.863*0.66] mapped 399082 sequences
[M::worker_pipeline::183.943*0.67] mapped 399096 sequences
[M::worker_pipeline::187.988*0.67] mapped 399066 sequences
[M::worker_pipeline::192.050*0.67] mapped 399040 sequences
[M::worker_pipeline::196.182*0.67] mapped 399076 sequences
[M::worker_pipeline::200.236*0.67] mapped 399040 sequences
[M::worker_pipeline::204.213*0.67] mapped 399016 sequences
[M::worker_pipeline::208.244*0.67] mapped 399158 sequences
[M::worker_pipeline::212.283*0.67] mapped 399070 sequences
[M::worker_pipeline::216.216*0.67] mapped 399066 sequences
[M::worker_pipeline::220.173*0.67] mapped 399048 sequences
[M::worker_pipeline::224.157*0.68] mapped 399066 sequences
[M::worker_pipeline::228.160*0.68] mapped 399162 sequences
[M::worker_pipeline::232.081*0.68] mapped 399042 sequences
[M::worker_pipeline::236.065*0.68] mapped 399140 sequences
[M::worker_pipeline::240.082*0.68] mapped 399082 sequences
[M::worker_pipeline::244.065*0.68] mapped 399080 sequences
[M::worker_pipeline::248.123*0.68] mapped 399108 sequences
[M::worker_pipeline::252.189*0.68] mapped 399082 sequences
[M::worker_pipeline::256.068*0.68] mapped 398992 sequences
[M::worker_pipeline::259.954*0.67] mapped 399052 sequences
[M::worker_pipeline::260.645*0.67] mapped 70498 sequences
[M::main] Version: 2.8-r711-dirty
[M::main] CMD: minimap2 -ax sr /gpfs/home/b042/greenland_2017/reference_seqs/Pardosa_spp_derep.fas Sample_PRO1747_PlateH_C3_R1_val_1.fq.gz Sample_PRO1747_PlateH_C3_R2_val_2.fq.gz
[M::main] Real time: 260.650 sec; CPU: 173.668 sec
[M::mm_idx_gen::0.052*1.03] collected minimizers
[M::mm_idx_gen::0.065*1.41] sorted minimizers
[M::main::0.066*1.38] loaded/built the index for 1712 target sequence(s)
[M::mm_mapopt_update::0.066*1.38] mid_occ = 1000
[M::mm_idx_stat] kmer size: 21; skip: 11; is_hpc: 0; #seq: 1712
[M::mm_idx_stat::0.067*1.38] distinct minimizers: 6414 (47.68% are singletons); average occurrences: 27.933; average spacing: 6.281
[M::worker_pipeline::6.832*1.25] mapped 399334 sequences
[M::worker_pipeline::11.861*0.99] mapped 399254 sequences
[M::worker_pipeline::17.377*0.84] mapped 399506 sequences
[M::worker_pipeline::22.612*0.78] mapped 399278 sequences
[M::worker_pipeline::27.801*0.74] mapped 399378 sequences
[M::worker_pipeline::32.862*0.72] mapped 399246 sequences
[M::worker_pipeline::38.234*0.70] mapped 399332 sequences
[M::worker_pipeline::43.636*0.69] mapped 399352 sequences
[M::worker_pipeline::49.007*0.67] mapped 399264 sequences
[M::worker_pipeline::54.463*0.66] mapped 399306 sequences
[M::worker_pipeline::59.446*0.66] mapped 399216 sequences
[M::worker_pipeline::64.731*0.65] mapped 399512 sequences
[M::worker_pipeline::69.919*0.65] mapped 399428 sequences
[M::worker_pipeline::75.256*0.64] mapped 399486 sequences
[M::worker_pipeline::80.256*0.64] mapped 399286 sequences
[M::worker_pipeline::85.551*0.63] mapped 399380 sequences
[M::worker_pipeline::90.741*0.63] mapped 399320 sequences
[M::worker_pipeline::96.260*0.63] mapped 399496 sequences
[M::worker_pipeline::101.566*0.62] mapped 399412 sequences
[M::worker_pipeline::107.195*0.62] mapped 399406 sequences
[M::worker_pipeline::112.403*0.62] mapped 399294 sequences
[M::worker_pipeline::118.032*0.61] mapped 399616 sequences
[M::worker_pipeline::123.308*0.61] mapped 399408 sequences
[M::worker_pipeline::128.446*0.61] mapped 399412 sequences
[M::worker_pipeline::133.823*0.61] mapped 399384 sequences
[M::worker_pipeline::139.101*0.61] mapped 399290 sequences
[M::worker_pipeline::144.786*0.60] mapped 399586 sequences
[M::worker_pipeline::150.228*0.60] mapped 399388 sequences
[M::worker_pipeline::155.514*0.60] mapped 399428 sequences
[M::worker_pipeline::160.534*0.60] mapped 399270 sequences
[M::worker_pipeline::165.845*0.60] mapped 399366 sequences
[M::worker_pipeline::170.353*0.60] mapped 399222 sequences
[M::worker_pipeline::174.753*0.61] mapped 399158 sequences
[M::worker_pipeline::179.213*0.61] mapped 399136 sequences
[M::worker_pipeline::183.513*0.61] mapped 399110 sequences
[M::worker_pipeline::187.871*0.61] mapped 399060 sequences
[M::worker_pipeline::192.489*0.61] mapped 399100 sequences
[M::worker_pipeline::196.834*0.61] mapped 399062 sequences
[M::worker_pipeline::200.966*0.62] mapped 398948 sequences
[M::worker_pipeline::205.529*0.62] mapped 399194 sequences
[M::worker_pipeline::209.839*0.62] mapped 399060 sequences
[M::worker_pipeline::214.090*0.62] mapped 399078 sequences
[M::worker_pipeline::218.500*0.62] mapped 399068 sequences
[M::worker_pipeline::222.993*0.62] mapped 399064 sequences
[M::worker_pipeline::227.407*0.62] mapped 399210 sequences
[M::worker_pipeline::231.851*0.63] mapped 399104 sequences
[M::worker_pipeline::236.346*0.63] mapped 399130 sequences
[M::worker_pipeline::240.504*0.63] mapped 399100 sequences
[M::worker_pipeline::244.998*0.63] mapped 399096 sequences
[M::worker_pipeline::249.617*0.63] mapped 399178 sequences
[M::worker_pipeline::254.045*0.63] mapped 399126 sequences
[M::worker_pipeline::258.269*0.62] mapped 398972 sequences
[M::worker_pipeline::262.481*0.61] mapped 379166 sequences
[M::main] Version: 2.8-r711-dirty
[M::main] CMD: minimap2 -ax sr /gpfs/home/b042/greenland_2017/reference_seqs/Pardosa_spp_derep.fas Sample_PRO1747_PlateH_C4_R1_val_1.fq.gz Sample_PRO1747_PlateH_C4_R2_val_2.fq.gz
[M::main] Real time: 262.487 sec; CPU: 160.510 sec
[M::mm_idx_gen::0.050*1.01] collected minimizers
[M::mm_idx_gen::0.064*1.41] sorted minimizers
[M::main::0.065*1.40] loaded/built the index for 1712 target sequence(s)
[M::mm_mapopt_update::0.065*1.40] mid_occ = 1000
[M::mm_idx_stat] kmer size: 21; skip: 11; is_hpc: 0; #seq: 1712
[M::mm_idx_stat::0.066*1.39] distinct minimizers: 6414 (47.68% are singletons); average occurrences: 27.933; average spacing: 6.281
[M::worker_pipeline::6.394*1.38] mapped 399354 sequences
[M::worker_pipeline::11.299*1.05] mapped 399354 sequences
[M::worker_pipeline::16.064*0.93] mapped 399290 sequences
[M::worker_pipeline::21.067*0.86] mapped 399276 sequences
[M::worker_pipeline::25.875*0.81] mapped 399270 sequences
[M::worker_pipeline::30.901*0.78] mapped 399250 sequences
[M::worker_pipeline::35.791*0.76] mapped 399458 sequences
[M::worker_pipeline::40.549*0.74] mapped 399390 sequences
[M::worker_pipeline::45.286*0.73] mapped 399344 sequences
[M::worker_pipeline::50.158*0.72] mapped 399378 sequences
[M::worker_pipeline::54.938*0.71] mapped 399346 sequences
[M::worker_pipeline::59.906*0.70] mapped 399360 sequences
[M::worker_pipeline::64.877*0.69] mapped 399486 sequences
[M::worker_pipeline::69.713*0.69] mapped 399370 sequences
[M::worker_pipeline::74.661*0.69] mapped 399346 sequences
[M::worker_pipeline::79.806*0.68] mapped 399446 sequences
[M::worker_pipeline::84.605*0.68] mapped 399332 sequences
[M::worker_pipeline::89.307*0.68] mapped 399296 sequences
[M::worker_pipeline::93.394*0.68] mapped 399156 sequences
[M::worker_pipeline::97.415*0.68] mapped 399146 sequences
[M::worker_pipeline::101.518*0.69] mapped 399086 sequences
[M::worker_pipeline::105.527*0.69] mapped 399088 sequences
[M::worker_pipeline::109.581*0.69] mapped 399218 sequences
[M::worker_pipeline::113.536*0.69] mapped 399122 sequences
[M::worker_pipeline::117.709*0.69] mapped 399166 sequences
[M::worker_pipeline::121.830*0.70] mapped 399196 sequences
[M::worker_pipeline::125.854*0.70] mapped 399110 sequences
[M::worker_pipeline::129.970*0.69] mapped 399144 sequences
[M::worker_pipeline::133.918*0.67] mapped 399070 sequences
[M::worker_pipeline::136.464*0.66] mapped 247232 sequences
[M::main] Version: 2.8-r711-dirty
[M::main] CMD: minimap2 -ax sr /gpfs/home/b042/greenland_2017/reference_seqs/Pardosa_spp_derep.fas Sample_PRO1747_PlateH_C5_R1_val_1.fq.gz Sample_PRO1747_PlateH_C5_R2_val_2.fq.gz
[M::main] Real time: 136.470 sec; CPU: 90.578 sec
[M::mm_idx_gen::0.043*1.03] collected minimizers
[M::mm_idx_gen::0.055*1.46] sorted minimizers
[M::main::0.056*1.43] loaded/built the index for 1712 target sequence(s)
[M::mm_mapopt_update::0.056*1.43] mid_occ = 1000
[M::mm_idx_stat] kmer size: 21; skip: 11; is_hpc: 0; #seq: 1712
[M::mm_idx_stat::0.057*1.43] distinct minimizers: 6414 (47.68% are singletons); average occurrences: 27.933; average spacing: 6.281
[M::worker_pipeline::6.054*1.40] mapped 399128 sequences
[M::worker_pipeline::10.479*1.09] mapped 399068 sequences
[M::worker_pipeline::15.047*0.96] mapped 399150 sequences
[M::worker_pipeline::19.588*0.90] mapped 399126 sequences
[M::worker_pipeline::23.946*0.86] mapped 399052 sequences
[M::worker_pipeline::28.567*0.82] mapped 399130 sequences
[M::worker_pipeline::33.064*0.80] mapped 399044 sequences
[M::worker_pipeline::37.627*0.78] mapped 399142 sequences
[M::worker_pipeline::42.074*0.77] mapped 399040 sequences
[M::worker_pipeline::46.798*0.75] mapped 399188 sequences
[M::worker_pipeline::51.291*0.75] mapped 398986 sequences
[M::worker_pipeline::55.958*0.74] mapped 399096 sequences
[M::worker_pipeline::60.474*0.73] mapped 398994 sequences
[M::worker_pipeline::65.043*0.73] mapped 399242 sequences
[M::worker_pipeline::69.630*0.72] mapped 399238 sequences
[M::worker_pipeline::74.169*0.72] mapped 399186 sequences
[M::worker_pipeline::78.669*0.71] mapped 399150 sequences
[M::worker_pipeline::83.263*0.71] mapped 399146 sequences
[M::worker_pipeline::87.930*0.71] mapped 399122 sequences
[M::worker_pipeline::92.456*0.71] mapped 399070 sequences
[M::worker_pipeline::97.290*0.70] mapped 399276 sequences
[M::worker_pipeline::101.799*0.70] mapped 399084 sequences
[M::worker_pipeline::106.377*0.70] mapped 399194 sequences
[M::worker_pipeline::111.132*0.70] mapped 399174 sequences
[M::worker_pipeline::115.541*0.69] mapped 399060 sequences
[M::worker_pipeline::120.245*0.69] mapped 399450 sequences
[M::worker_pipeline::124.764*0.69] mapped 399154 sequences
[M::worker_pipeline::129.383*0.69] mapped 399274 sequences
[M::worker_pipeline::133.720*0.69] mapped 399084 sequences
[M::worker_pipeline::138.536*0.69] mapped 399204 sequences
[M::worker_pipeline::142.894*0.69] mapped 399046 sequences
[M::worker_pipeline::147.666*0.69] mapped 399358 sequences
[M::worker_pipeline::152.295*0.68] mapped 399192 sequences
[M::worker_pipeline::156.957*0.68] mapped 399236 sequences
[M::worker_pipeline::161.332*0.68] mapped 399108 sequences
[M::worker_pipeline::165.801*0.68] mapped 399050 sequences
[M::worker_pipeline::170.385*0.68] mapped 399178 sequences
[M::worker_pipeline::174.368*0.68] mapped 398934 sequences
[M::worker_pipeline::178.093*0.68] mapped 398808 sequences
[M::worker_pipeline::181.853*0.69] mapped 398736 sequences
[M::worker_pipeline::185.697*0.69] mapped 398804 sequences
[M::worker_pipeline::189.479*0.69] mapped 398740 sequences
[M::worker_pipeline::193.206*0.69] mapped 398736 sequences
[M::worker_pipeline::197.037*0.69] mapped 398766 sequences
[M::worker_pipeline::200.679*0.69] mapped 398696 sequences
[M::worker_pipeline::204.527*0.70] mapped 398782 sequences
[M::worker_pipeline::208.303*0.70] mapped 398746 sequences
[M::worker_pipeline::212.155*0.70] mapped 398782 sequences
[M::worker_pipeline::215.933*0.70] mapped 398796 sequences
[M::worker_pipeline::219.760*0.70] mapped 398760 sequences
[M::worker_pipeline::223.670*0.70] mapped 398802 sequences
[M::worker_pipeline::227.600*0.70] mapped 398838 sequences
[M::worker_pipeline::231.412*0.70] mapped 398762 sequences
[M::worker_pipeline::235.286*0.70] mapped 398768 sequences
[M::worker_pipeline::238.959*0.71] mapped 398764 sequences
[M::worker_pipeline::242.869*0.71] mapped 398774 sequences
[M::worker_pipeline::246.668*0.70] mapped 398766 sequences
[M::worker_pipeline::250.291*0.69] mapped 398740 sequences
[M::worker_pipeline::251.688*0.69] mapped 144554 sequences
[M::main] Version: 2.8-r711-dirty
[M::main] CMD: minimap2 -ax sr /gpfs/home/b042/greenland_2017/reference_seqs/Pardosa_spp_derep.fas Sample_PRO1747_PlateH_C6_R1_val_1.fq.gz Sample_PRO1747_PlateH_C6_R2_val_2.fq.gz
[M::main] Real time: 251.693 sec; CPU: 173.794 sec
[M::mm_idx_gen::0.048*1.02] collected minimizers
[M::mm_idx_gen::0.062*1.44] sorted minimizers
[M::main::0.063*1.42] loaded/built the index for 1712 target sequence(s)
[M::mm_mapopt_update::0.063*1.42] mid_occ = 1000
[M::mm_idx_stat] kmer size: 21; skip: 11; is_hpc: 0; #seq: 1712
[M::mm_idx_stat::0.064*1.41] distinct minimizers: 6414 (47.68% are singletons); average occurrences: 27.933; average spacing: 6.281
[M::worker_pipeline::6.924*1.22] mapped 399696 sequences
[M::worker_pipeline::12.189*0.95] mapped 399678 sequences
[M::worker_pipeline::17.719*0.82] mapped 399670 sequences
[M::worker_pipeline::23.133*0.77] mapped 399614 sequences
[M::worker_pipeline::28.488*0.73] mapped 399808 sequences
[M::worker_pipeline::33.834*0.71] mapped 399772 sequences
[M::worker_pipeline::39.321*0.69] mapped 399732 sequences
[M::worker_pipeline::44.825*0.67] mapped 399776 sequences
[M::worker_pipeline::50.178*0.66] mapped 399814 sequences
[M::worker_pipeline::55.647*0.65] mapped 399770 sequences
[M::worker_pipeline::61.099*0.64] mapped 399790 sequences
[M::worker_pipeline::66.133*0.64] mapped 399670 sequences
[M::worker_pipeline::70.563*0.64] mapped 399580 sequences
[M::worker_pipeline::75.145*0.64] mapped 399490 sequences
[M::worker_pipeline::79.555*0.64] mapped 399510 sequences
[M::worker_pipeline::83.976*0.65] mapped 399506 sequences
[M::worker_pipeline::88.518*0.65] mapped 399546 sequences
[M::worker_pipeline::93.046*0.64] mapped 399548 sequences
[M::worker_pipeline::97.626*0.61] mapped 399538 sequences
[M::worker_pipeline::100.678*0.60] mapped 285558 sequences
[M::main] Version: 2.8-r711-dirty
[M::main] CMD: minimap2 -ax sr /gpfs/home/b042/greenland_2017/reference_seqs/Pardosa_spp_derep.fas Sample_PRO1747_PlateH_C7_R1_val_1.fq.gz Sample_PRO1747_PlateH_C7_R2_val_2.fq.gz
[M::main] Real time: 100.685 sec; CPU: 60.159 sec
[M::mm_idx_gen::0.046*1.04] collected minimizers
[M::mm_idx_gen::0.059*1.48] sorted minimizers
[M::main::0.061*1.47] loaded/built the index for 1712 target sequence(s)
[M::mm_mapopt_update::0.061*1.47] mid_occ = 1000
[M::mm_idx_stat] kmer size: 21; skip: 11; is_hpc: 0; #seq: 1712
[M::mm_idx_stat::0.062*1.46] distinct minimizers: 6414 (47.68% are singletons); average occurrences: 27.933; average spacing: 6.281
[M::worker_pipeline::6.712*1.26] mapped 399620 sequences
[M::worker_pipeline::11.831*0.97] mapped 399560 sequences
[M::worker_pipeline::16.865*0.85] mapped 399644 sequences
[M::worker_pipeline::21.905*0.79] mapped 399646 sequences
[M::worker_pipeline::27.119*0.75] mapped 399552 sequences
[M::worker_pipeline::32.156*0.72] mapped 399498 sequences
[M::worker_pipeline::37.473*0.70] mapped 399638 sequences
[M::worker_pipeline::42.599*0.69] mapped 399536 sequences
[M::worker_pipeline::47.510*0.68] mapped 399514 sequences
[M::worker_pipeline::52.871*0.66] mapped 399820 sequences
[M::worker_pipeline::57.924*0.66] mapped 399672 sequences
[M::worker_pipeline::62.842*0.65] mapped 399594 sequences
[M::worker_pipeline::68.097*0.64] mapped 399624 sequences
[M::worker_pipeline::73.365*0.64] mapped 399696 sequences
[M::worker_pipeline::78.523*0.64] mapped 399642 sequences
[M::worker_pipeline::83.897*0.63] mapped 399676 sequences
[M::worker_pipeline::89.035*0.63] mapped 399710 sequences
[M::worker_pipeline::94.152*0.62] mapped 399702 sequences
[M::worker_pipeline::99.259*0.62] mapped 399728 sequences
[M::worker_pipeline::104.344*0.62] mapped 399664 sequences
[M::worker_pipeline::109.552*0.62] mapped 399590 sequences
[M::worker_pipeline::114.918*0.62] mapped 399806 sequences
[M::worker_pipeline::120.138*0.61] mapped 399676 sequences
[M::worker_pipeline::125.025*0.61] mapped 399546 sequences
[M::worker_pipeline::130.258*0.61] mapped 399636 sequences
[M::worker_pipeline::134.608*0.61] mapped 399402 sequences
[M::worker_pipeline::139.096*0.61] mapped 399516 sequences
[M::worker_pipeline::143.350*0.62] mapped 399440 sequences
[M::worker_pipeline::147.578*0.62] mapped 399360 sequences
[M::worker_pipeline::152.049*0.62] mapped 399384 sequences
[M::worker_pipeline::156.196*0.62] mapped 399304 sequences
[M::worker_pipeline::160.459*0.62] mapped 399486 sequences
[M::worker_pipeline::164.737*0.63] mapped 399408 sequences
[M::worker_pipeline::168.937*0.63] mapped 399412 sequences
[M::worker_pipeline::173.297*0.63] mapped 399450 sequences
[M::worker_pipeline::177.810*0.63] mapped 399542 sequences
[M::worker_pipeline::182.065*0.63] mapped 399504 sequences
[M::worker_pipeline::186.291*0.63] mapped 399412 sequences
[M::worker_pipeline::190.612*0.63] mapped 399400 sequences
[M::worker_pipeline::195.017*0.63] mapped 399452 sequences
[M::worker_pipeline::199.328*0.63] mapped 399440 sequences
[M::worker_pipeline::203.609*0.61] mapped 399360 sequences
[M::worker_pipeline::204.345*0.61] mapped 69978 sequences
[M::main] Version: 2.8-r711-dirty
[M::main] CMD: minimap2 -ax sr /gpfs/home/b042/greenland_2017/reference_seqs/Pardosa_spp_derep.fas Sample_PRO1747_PlateH_C8_R1_val_1.fq.gz Sample_PRO1747_PlateH_C8_R2_val_2.fq.gz
[M::main] Real time: 204.352 sec; CPU: 125.162 sec
[M::mm_idx_gen::0.046*1.00] collected minimizers
[M::mm_idx_gen::0.059*1.40] sorted minimizers
[M::main::0.060*1.37] loaded/built the index for 1712 target sequence(s)
[M::mm_mapopt_update::0.060*1.37] mid_occ = 1000
[M::mm_idx_stat] kmer size: 21; skip: 11; is_hpc: 0; #seq: 1712
[M::mm_idx_stat::0.061*1.37] distinct minimizers: 6414 (47.68% are singletons); average occurrences: 27.933; average spacing: 6.281
[M::worker_pipeline::6.281*1.37] mapped 399174 sequences
[M::worker_pipeline::10.803*1.08] mapped 399108 sequences
[M::worker_pipeline::15.517*0.94] mapped 399246 sequences
[M::worker_pipeline::20.006*0.88] mapped 399084 sequences
[M::worker_pipeline::24.675*0.83] mapped 399170 sequences
[M::worker_pipeline::29.365*0.80] mapped 399110 sequences
[M::worker_pipeline::33.988*0.78] mapped 399118 sequences
[M::worker_pipeline::38.729*0.77] mapped 399168 sequences
[M::worker_pipeline::43.379*0.75] mapped 399054 sequences
[M::worker_pipeline::48.101*0.74] mapped 399106 sequences
[M::worker_pipeline::52.602*0.74] mapped 399112 sequences
[M::worker_pipeline::57.348*0.73] mapped 399364 sequences
[M::worker_pipeline::61.863*0.72] mapped 399206 sequences
[M::worker_pipeline::66.535*0.72] mapped 399248 sequences
[M::worker_pipeline::71.100*0.71] mapped 399160 sequences
[M::worker_pipeline::75.853*0.71] mapped 399140 sequences
[M::worker_pipeline::80.585*0.71] mapped 399254 sequences
[M::worker_pipeline::85.423*0.70] mapped 399232 sequences
[M::worker_pipeline::90.238*0.70] mapped 399190 sequences
[M::worker_pipeline::94.976*0.69] mapped 399184 sequences
[M::worker_pipeline::99.755*0.69] mapped 399210 sequences
[M::worker_pipeline::104.626*0.69] mapped 399382 sequences
[M::worker_pipeline::109.295*0.68] mapped 399292 sequences
[M::worker_pipeline::113.866*0.68] mapped 399222 sequences
[M::worker_pipeline::118.813*0.68] mapped 399230 sequences
[M::worker_pipeline::123.440*0.68] mapped 399172 sequences
[M::worker_pipeline::128.421*0.68] mapped 399398 sequences
[M::worker_pipeline::133.145*0.67] mapped 399292 sequences
[M::worker_pipeline::137.881*0.67] mapped 399220 sequences
[M::worker_pipeline::142.519*0.67] mapped 399146 sequences
[M::worker_pipeline::147.344*0.67] mapped 399240 sequences
[M::worker_pipeline::151.209*0.67] mapped 398792 sequences
[M::worker_pipeline::155.218*0.68] mapped 398858 sequences
[M::worker_pipeline::159.153*0.68] mapped 398810 sequences
[M::worker_pipeline::163.084*0.68] mapped 398788 sequences
[M::worker_pipeline::167.022*0.68] mapped 398778 sequences
[M::worker_pipeline::170.955*0.68] mapped 398770 sequences
[M::worker_pipeline::174.889*0.69] mapped 398830 sequences
[M::worker_pipeline::178.754*0.69] mapped 398802 sequences
[M::worker_pipeline::182.604*0.69] mapped 398782 sequences
[M::worker_pipeline::186.568*0.69] mapped 398840 sequences
[M::worker_pipeline::190.350*0.69] mapped 398790 sequences
[M::worker_pipeline::194.205*0.70] mapped 398818 sequences
[M::worker_pipeline::198.138*0.70] mapped 398846 sequences
[M::worker_pipeline::201.958*0.70] mapped 398798 sequences
[M::worker_pipeline::205.911*0.70] mapped 398804 sequences
[M::worker_pipeline::209.958*0.70] mapped 398824 sequences
[M::worker_pipeline::213.714*0.69] mapped 398794 sequences
[M::worker_pipeline::217.119*0.68] mapped 362012 sequences
[M::main] Version: 2.8-r711-dirty
[M::main] CMD: minimap2 -ax sr /gpfs/home/b042/greenland_2017/reference_seqs/Pardosa_spp_derep.fas Sample_PRO1747_PlateH_C9_R1_val_1.fq.gz Sample_PRO1747_PlateH_C9_R2_val_2.fq.gz
[M::main] Real time: 217.125 sec; CPU: 147.392 sec
[M::mm_idx_gen::0.046*1.03] collected minimizers
[M::mm_idx_gen::0.059*1.44] sorted minimizers
[M::main::0.060*1.43] loaded/built the index for 1712 target sequence(s)
[M::mm_mapopt_update::0.060*1.43] mid_occ = 1000
[M::mm_idx_stat] kmer size: 21; skip: 11; is_hpc: 0; #seq: 1712
[M::mm_idx_stat::0.061*1.42] distinct minimizers: 6414 (47.68% are singletons); average occurrences: 27.933; average spacing: 6.281
[M::worker_pipeline::5.921*1.42] mapped 399030 sequences
[M::worker_pipeline::10.297*1.10] mapped 399010 sequences
[M::worker_pipeline::14.548*0.98] mapped 398954 sequences
[M::worker_pipeline::19.228*0.90] mapped 399136 sequences
[M::worker_pipeline::23.430*0.86] mapped 398926 sequences
[M::worker_pipeline::27.908*0.83] mapped 399050 sequences
[M::worker_pipeline::32.217*0.81] mapped 398962 sequences
[M::worker_pipeline::36.636*0.80] mapped 398950 sequences
[M::worker_pipeline::41.358*0.78] mapped 399070 sequences
[M::worker_pipeline::45.620*0.77] mapped 398924 sequences
[M::worker_pipeline::50.202*0.76] mapped 399122 sequences
[M::worker_pipeline::54.755*0.75] mapped 398964 sequences
[M::worker_pipeline::59.050*0.74] mapped 398928 sequences
[M::worker_pipeline::63.533*0.74] mapped 399020 sequences
[M::worker_pipeline::67.802*0.74] mapped 398958 sequences
[M::worker_pipeline::72.435*0.73] mapped 399152 sequences
[M::worker_pipeline::76.874*0.73] mapped 399158 sequences
[M::worker_pipeline::81.209*0.72] mapped 399028 sequences
[M::worker_pipeline::85.880*0.72] mapped 399182 sequences
[M::worker_pipeline::90.198*0.72] mapped 398970 sequences
[M::worker_pipeline::94.793*0.71] mapped 399074 sequences
[M::worker_pipeline::99.342*0.71] mapped 398998 sequences
[M::worker_pipeline::103.767*0.71] mapped 399004 sequences
[M::worker_pipeline::108.392*0.71] mapped 399166 sequences
[M::worker_pipeline::112.746*0.71] mapped 398998 sequences
[M::worker_pipeline::117.410*0.70] mapped 399132 sequences
[M::worker_pipeline::122.084*0.70] mapped 399096 sequences
[M::worker_pipeline::126.471*0.70] mapped 398936 sequences
[M::worker_pipeline::131.155*0.70] mapped 399224 sequences
[M::worker_pipeline::135.663*0.70] mapped 399118 sequences
[M::worker_pipeline::140.054*0.69] mapped 399082 sequences
[M::worker_pipeline::144.738*0.69] mapped 399174 sequences
[M::worker_pipeline::149.073*0.69] mapped 399012 sequences
[M::worker_pipeline::153.687*0.69] mapped 399110 sequences
[M::worker_pipeline::158.244*0.69] mapped 399024 sequences
[M::worker_pipeline::162.838*0.69] mapped 399126 sequences
[M::worker_pipeline::167.546*0.69] mapped 399194 sequences
[M::worker_pipeline::172.092*0.69] mapped 399068 sequences
[M::worker_pipeline::176.882*0.68] mapped 399160 sequences
[M::worker_pipeline::181.297*0.68] mapped 398990 sequences
[M::worker_pipeline::185.753*0.68] mapped 398984 sequences
[M::worker_pipeline::190.251*0.68] mapped 399062 sequences
[M::worker_pipeline::194.556*0.68] mapped 398966 sequences
[M::worker_pipeline::198.398*0.68] mapped 398718 sequences
[M::worker_pipeline::202.251*0.69] mapped 398880 sequences
[M::worker_pipeline::206.091*0.69] mapped 398792 sequences
[M::worker_pipeline::209.975*0.69] mapped 398740 sequences
[M::worker_pipeline::213.698*0.69] mapped 398750 sequences
[M::worker_pipeline::217.499*0.69] mapped 398756 sequences
[M::worker_pipeline::221.397*0.69] mapped 398746 sequences
[M::worker_pipeline::225.096*0.69] mapped 398730 sequences
[M::worker_pipeline::228.794*0.70] mapped 398754 sequences
[M::worker_pipeline::232.552*0.70] mapped 398730 sequences
[M::worker_pipeline::236.308*0.70] mapped 398758 sequences
[M::worker_pipeline::240.221*0.70] mapped 398782 sequences
[M::worker_pipeline::244.035*0.70] mapped 398750 sequences
[M::worker_pipeline::247.862*0.70] mapped 398758 sequences
[M::worker_pipeline::251.652*0.70] mapped 398778 sequences
[M::worker_pipeline::255.462*0.70] mapped 398786 sequences
[M::worker_pipeline::259.427*0.70] mapped 398830 sequences
[M::worker_pipeline::263.101*0.71] mapped 398754 sequences
[M::worker_pipeline::266.831*0.71] mapped 398748 sequences
[M::worker_pipeline::270.768*0.71] mapped 398794 sequences
[M::worker_pipeline::274.561*0.71] mapped 398790 sequences
[M::worker_pipeline::278.356*0.71] mapped 398714 sequences
[M::worker_pipeline::282.148*0.71] mapped 398792 sequences
[M::worker_pipeline::285.836*0.70] mapped 398712 sequences
[M::worker_pipeline::288.078*0.69] mapped 239154 sequences
[M::main] Version: 2.8-r711-dirty
[M::main] CMD: minimap2 -ax sr /gpfs/home/b042/greenland_2017/reference_seqs/Pardosa_spp_derep.fas Sample_PRO1747_PlateH_D1_R1_val_1.fq.gz Sample_PRO1747_PlateH_D1_R2_val_2.fq.gz
[M::main] Real time: 288.085 sec; CPU: 200.062 sec
[M::mm_idx_gen::0.048*1.00] collected minimizers
[M::mm_idx_gen::0.061*1.42] sorted minimizers
[M::main::0.062*1.41] loaded/built the index for 1712 target sequence(s)
[M::mm_mapopt_update::0.062*1.41] mid_occ = 1000
[M::mm_idx_stat] kmer size: 21; skip: 11; is_hpc: 0; #seq: 1712
[M::mm_idx_stat::0.064*1.40] distinct minimizers: 6414 (47.68% are singletons); average occurrences: 27.933; average spacing: 6.281
[M::worker_pipeline::0.069*1.39] mapped 202 sequences
[M::main] Version: 2.8-r711-dirty
[M::main] CMD: minimap2 -ax sr /gpfs/home/b042/greenland_2017/reference_seqs/Pardosa_spp_derep.fas Sample_PRO1747_PlateH_D5_R1_val_1.fq.gz Sample_PRO1747_PlateH_D5_R2_val_2.fq.gz
[M::main] Real time: 0.072 sec; CPU: 0.098 sec
mv: cannot move `folderlist.txt' to `spp/': Not a directory
